<?xml version="1.0" encoding="UTF-8"?>
<testsuite xmlns:xsi="http://www.w3.org/2001/XMLSchema-instance" xsi:noNamespaceSchemaLocation="https://maven.apache.org/surefire/maven-surefire-plugin/xsd/surefire-test-report.xsd" name="TestSuite" time="39.617" tests="4" errors="0" skipped="0" failures="2">
  <properties>
    <property name="java.runtime.name" value="Java(TM) SE Runtime Environment"/>
    <property name="sun.boot.library.path" value="C:\Program Files\Java\jdk1.8.0_241\jre\bin"/>
    <property name="java.vm.version" value="25.241-b07"/>
    <property name="java.vm.vendor" value="Oracle Corporation"/>
    <property name="maven.multiModuleProjectDirectory" value="D:\Courses\AutoDemo\DemoMST"/>
    <property name="java.vendor.url" value="http://java.oracle.com/"/>
    <property name="path.separator" value=";"/>
    <property name="guice.disable.misplaced.annotation.check" value="true"/>
    <property name="java.vm.name" value="Java HotSpot(TM) 64-Bit Server VM"/>
    <property name="file.encoding.pkg" value="sun.io"/>
    <property name="user.script" value=""/>
    <property name="user.country" value="IN"/>
    <property name="sun.java.launcher" value="SUN_STANDARD"/>
    <property name="sun.os.patch.level" value=""/>
    <property name="java.vm.specification.name" value="Java Virtual Machine Specification"/>
    <property name="user.dir" value="D:\Courses\AutoDemo\DemoMST"/>
    <property name="java.runtime.version" value="1.8.0_241-b07"/>
    <property name="java.awt.graphicsenv" value="sun.awt.Win32GraphicsEnvironment"/>
    <property name="java.endorsed.dirs" value="C:\Program Files\Java\jdk1.8.0_241\jre\lib\endorsed"/>
    <property name="os.arch" value="amd64"/>
    <property name="java.io.tmpdir" value="C:\Users\Surya\AppData\Local\Temp\"/>
    <property name="line.separator" value="&#10;"/>
    <property name="java.vm.specification.vendor" value="Oracle Corporation"/>
    <property name="user.variant" value=""/>
    <property name="os.name" value="Windows 10"/>
    <property name="classworlds.conf" value="C:\Program Files\Maven\bin\m2.conf"/>
    <property name="sun.jnu.encoding" value="Cp1252"/>
    <property name="java.library.path" value="C:\Program Files\Java\jdk1.8.0_241\bin;C:\WINDOWS\Sun\Java\bin;C:\WINDOWS\system32;C:\WINDOWS;C:\Program Files (x86)\Common Files\Oracle\Java\javapath;C:\WINDOWS\system32;C:\WINDOWS;C:\WINDOWS\System32\Wbem;C:\WINDOWS\System32\WindowsPowerShell\v1.0\;C:\WINDOWS\System32\OpenSSH\;C:\Program Files\Java\jdk1.8.0_241\bin;C:\Program Files\Java\jdk1.8.0_241\lib;C:\Program Files\Java\jdk1.8.0_241\jre\lib;C:\Program Files\Java\jdk1.8.0_241\jre\bin;C:\Users\Surya\selenium-java-3.141.59;C:\Program Files\nodejs\;C:\Program Files\Git\cmd;C:\Program Files\Maven\bin;C:\Users\Surya\allure-2.17.2\allure-2.17.2\bin;C:\Program Files (x86)\Common Files\Oracle\Java\javapath;C:\WINDOWS\system32;C:\WINDOWS;C:\WINDOWS\System32\Wbem;C:\WINDOWS\System32\WindowsPowerShell\v1.0\;C:\WINDOWS\System32\OpenSSH\;C:\Program Files\Java\jdk1.8.0_241\bin;C:\Program Files\Java\jdk1.8.0_241\lib;C:\Program Files\Java\jdk1.8.0_241\jre\lib;C:\Program Files\Java\jdk1.8.0_241\jre\bin;C:\Users\Surya\selenium-java-3.141.59;C:\Program Files\nodejs\;C:\Program Files\Git\cmd;C:\Program Files (x86)\Common Files\Oracle\Java\javapath;C:\WINDOWS\system32;C:\WINDOWS;C:\WINDOWS\System32\Wbem;C:\WINDOWS\System32\WindowsPowerShell\v1.0\;C:\WINDOWS\System32\OpenSSH\;C:\Program Files\Java\jdk1.8.0_241\bin;C:\Program Files\Java\jdk1.8.0_241\lib;C:\Program Files\Java\jdk1.8.0_241\jre\lib;C:\Program Files\Java\jdk1.8.0_241\jre\bin;C:\Users\Surya\selenium-java-3.141.59;C:\Program Files\nodejs\;C:\Program Files\Git\cmd;C:\Program Files (x86)\Common Files\Oracle\Java\javapath;C:\WINDOWS\system32;C:\WINDOWS;C:\WINDOWS\System32\Wbem;C:\WINDOWS\System32\WindowsPowerShe;C:\Users\Surya\allure-commandline-2.17.2\allure-2.17.2\bin;;."/>
    <property name="maven.conf" value="C:\Program Files\Maven/conf"/>
    <property name="java.specification.name" value="Java Platform API Specification"/>
    <property name="java.class.version" value="52.0"/>
    <property name="sun.management.compiler" value="HotSpot 64-Bit Tiered Compilers"/>
    <property name="os.version" value="10.0"/>
    <property name="library.jansi.path" value="C:\Program Files\Maven\lib\jansi-native"/>
    <property name="user.home" value="C:\Users\Surya"/>
    <property name="user.timezone" value="Asia/Calcutta"/>
    <property name="java.awt.printerjob" value="sun.awt.windows.WPrinterJob"/>
    <property name="java.specification.version" value="1.8"/>
    <property name="file.encoding" value="Cp1252"/>
    <property name="user.name" value="Surya"/>
    <property name="java.class.path" value="C:\Program Files\Maven\boot\plexus-classworlds-2.6.0.jar"/>
    <property name="java.vm.specification.version" value="1.8"/>
    <property name="sun.arch.data.model" value="64"/>
    <property name="java.home" value="C:\Program Files\Java\jdk1.8.0_241\jre"/>
    <property name="sun.java.command" value="org.codehaus.plexus.classworlds.launcher.Launcher clean install"/>
    <property name="java.specification.vendor" value="Oracle Corporation"/>
    <property name="user.language" value="en"/>
    <property name="awt.toolkit" value="sun.awt.windows.WToolkit"/>
    <property name="java.vm.info" value="mixed mode"/>
    <property name="java.version" value="1.8.0_241"/>
    <property name="java.ext.dirs" value="C:\Program Files\Java\jdk1.8.0_241\jre\lib\ext;C:\WINDOWS\Sun\Java\lib\ext"/>
    <property name="sun.boot.class.path" value="C:\Program Files\Java\jdk1.8.0_241\jre\lib\resources.jar;C:\Program Files\Java\jdk1.8.0_241\jre\lib\rt.jar;C:\Program Files\Java\jdk1.8.0_241\jre\lib\sunrsasign.jar;C:\Program Files\Java\jdk1.8.0_241\jre\lib\jsse.jar;C:\Program Files\Java\jdk1.8.0_241\jre\lib\jce.jar;C:\Program Files\Java\jdk1.8.0_241\jre\lib\charsets.jar;C:\Program Files\Java\jdk1.8.0_241\jre\lib\jfr.jar;C:\Program Files\Java\jdk1.8.0_241\jre\classes"/>
    <property name="sun.stderr.encoding" value="cp437"/>
    <property name="java.vendor" value="Oracle Corporation"/>
    <property name="maven.home" value="C:\Program Files\Maven"/>
    <property name="file.separator" value="\"/>
    <property name="java.vendor.url.bug" value="http://bugreport.sun.com/bugreport/"/>
    <property name="sun.cpu.endian" value="little"/>
    <property name="sun.io.unicode.encoding" value="UnicodeLittle"/>
    <property name="sun.stdout.encoding" value="cp437"/>
    <property name="sun.desktop" value="windows"/>
    <property name="sun.cpu.isalist" value="amd64"/>
  </properties>
  <testcase name="runScenario" classname="parallel.TestParallelRunner" time="31.773">
    <failure message="Payment submission failed. Known bug!" type="com.google.common.base.VerifyException">com.google.common.base.VerifyException: Payment submission failed. Known bug!
</failure>
    <system-out><![CDATA[
Scenario Outline: Duplication of validation of buying multiple least expensive products successfully                 # src/test/resources/parallel/BuyProductsDuplication.feature:23

Scenario Outline: Validation of buying multiple least expensive products successfully                                # src/test/resources/parallel/BuyProducts.feature:23

Scenario Outline: Duplication three of validation of buying multiple least expensive products successfully           # src/test/resources/parallel/BuyProductsDuplication3.feature:23

Scenario Outline: Duplication two of validation of buying multiple least expensive products successfully             # src/test/resources/parallel/BuyProductsDuplication2.feature:23
[DEBUG] Removing resolution edge=97 from cache (expired on Thu Jan 20 12:35:25 IST 2022)
[DEBUG] Removing resolution edge=97 from cache (expired on Thu Jan 20 12:35:25 IST 2022)
[DEBUG] Removing resolution edge=97 from cache (expired on Thu Jan 20 12:35:25 IST 2022)
[DEBUG] Removing resolution edge=97 from cache (expired on Thu Jan 20 12:35:25 IST 2022)
[DEBUG] ex-00000003: preparing request execution
[DEBUG] ex-00000004: preparing request execution
[DEBUG] ex-00000001: preparing request execution
[DEBUG] ex-00000002: preparing request execution
[DEBUG] Cookie spec selected: strict
[DEBUG] Cookie spec selected: strict
[DEBUG] Cookie spec selected: strict
[DEBUG] Cookie spec selected: strict
[DEBUG] Auth cache not set in the context
[DEBUG] Auth cache not set in the context
[DEBUG] Auth cache not set in the context
[DEBUG] Auth cache not set in the context
[DEBUG] ex-00000002: target auth state: UNCHALLENGED
[DEBUG] ex-00000004: target auth state: UNCHALLENGED
[DEBUG] ex-00000003: target auth state: UNCHALLENGED
[DEBUG] ex-00000001: target auth state: UNCHALLENGED
[DEBUG] ex-00000003: proxy auth state: UNCHALLENGED
[DEBUG] ex-00000004: proxy auth state: UNCHALLENGED
[DEBUG] ex-00000001: proxy auth state: UNCHALLENGED
[DEBUG] ex-00000002: proxy auth state: UNCHALLENGED
[DEBUG] ex-00000001: acquiring connection with route {s}->https://raw.githubusercontent.com:443
[DEBUG] ex-00000003: acquiring connection with route {s}->https://raw.githubusercontent.com:443
[DEBUG] ex-00000002: acquiring connection with route {s}->https://raw.githubusercontent.com:443
[DEBUG] ex-00000004: acquiring connection with route {s}->https://raw.githubusercontent.com:443
[DEBUG] ex-00000003: acquiring endpoint (3 MINUTES)
[DEBUG] ex-00000004: acquiring endpoint (3 MINUTES)
[DEBUG] ex-00000001: acquiring endpoint (3 MINUTES)
[DEBUG] ex-00000002: acquiring endpoint (3 MINUTES)
[DEBUG] ex-00000001: endpoint lease request (3 MINUTES) [route: {s}->https://raw.githubusercontent.com:443][total available: 0; route allocated: 0 of 5; total allocated: 0 of 25]
[DEBUG] ex-00000002: endpoint lease request (3 MINUTES) [route: {s}->https://raw.githubusercontent.com:443][total available: 0; route allocated: 0 of 5; total allocated: 0 of 25]
[DEBUG] ex-00000003: endpoint lease request (3 MINUTES) [route: {s}->https://raw.githubusercontent.com:443][total available: 0; route allocated: 0 of 5; total allocated: 0 of 25]
[DEBUG] ex-00000004: endpoint lease request (3 MINUTES) [route: {s}->https://raw.githubusercontent.com:443][total available: 0; route allocated: 0 of 5; total allocated: 0 of 25]
[DEBUG] ex-00000001: endpoint leased [route: {s}->https://raw.githubusercontent.com:443][total available: 0; route allocated: 1 of 5; total allocated: 1 of 25]
[DEBUG] ex-00000004: endpoint leased [route: {s}->https://raw.githubusercontent.com:443][total available: 0; route allocated: 1 of 5; total allocated: 1 of 25]
[DEBUG] ex-00000003: endpoint leased [route: {s}->https://raw.githubusercontent.com:443][total available: 0; route allocated: 1 of 5; total allocated: 1 of 25]
[DEBUG] ex-00000002: endpoint leased [route: {s}->https://raw.githubusercontent.com:443][total available: 0; route allocated: 1 of 5; total allocated: 1 of 25]
[DEBUG] ex-00000003: acquired ep-00000000
[DEBUG] ex-00000002: acquired ep-00000002
[DEBUG] ex-00000001: acquired ep-00000001
[DEBUG] ex-00000004: acquired ep-00000003
[DEBUG] ex-00000001: acquired endpoint ep-00000001
[DEBUG] ex-00000004: acquired endpoint ep-00000003
[DEBUG] ex-00000002: acquired endpoint ep-00000002
[DEBUG] ex-00000004: opening connection {s}->https://raw.githubusercontent.com:443
[DEBUG] ex-00000003: acquired endpoint ep-00000000
[DEBUG] ex-00000002: opening connection {s}->https://raw.githubusercontent.com:443
[DEBUG] ex-00000003: opening connection {s}->https://raw.githubusercontent.com:443
[DEBUG] ex-00000001: opening connection {s}->https://raw.githubusercontent.com:443
[DEBUG] ep-00000000: connecting endpoint (30 SECONDS)
[DEBUG] ep-00000003: connecting endpoint (30 SECONDS)
[DEBUG] ep-00000001: connecting endpoint (30 SECONDS)
[DEBUG] ep-00000002: connecting endpoint (30 SECONDS)
[DEBUG] ep-00000003: connecting endpoint to https://raw.githubusercontent.com:443 (30 SECONDS)
[DEBUG] ep-00000001: connecting endpoint to https://raw.githubusercontent.com:443 (30 SECONDS)
[DEBUG] ep-00000000: connecting endpoint to https://raw.githubusercontent.com:443 (30 SECONDS)
[DEBUG] ep-00000002: connecting endpoint to https://raw.githubusercontent.com:443 (30 SECONDS)
[DEBUG] http-outgoing-1: connecting to raw.githubusercontent.com/185.199.108.133:443
[DEBUG] http-outgoing-0: connecting to raw.githubusercontent.com/185.199.108.133:443
[DEBUG] http-outgoing-3: connecting to raw.githubusercontent.com/185.199.108.133:443
[DEBUG] http-outgoing-2: connecting to raw.githubusercontent.com/185.199.108.133:443
[DEBUG] Connecting socket to raw.githubusercontent.com/185.199.108.133:443 with timeout 30 SECONDS
[DEBUG] Connecting socket to raw.githubusercontent.com/185.199.108.133:443 with timeout 30 SECONDS
[DEBUG] Connecting socket to raw.githubusercontent.com/185.199.108.133:443 with timeout 30 SECONDS
[DEBUG] Connecting socket to raw.githubusercontent.com/185.199.108.133:443 with timeout 30 SECONDS
[DEBUG] Enabled protocols: [TLSv1.2]
[DEBUG] Enabled protocols: [TLSv1.2]
[DEBUG] Enabled protocols: [TLSv1.2]
[DEBUG] Enabled protocols: [TLSv1.2]
[DEBUG] Enabled cipher suites: [TLS_ECDHE_ECDSA_WITH_AES_256_CBC_SHA384, TLS_ECDHE_RSA_WITH_AES_256_CBC_SHA384, TLS_RSA_WITH_AES_256_CBC_SHA256, TLS_ECDH_ECDSA_WITH_AES_256_CBC_SHA384, TLS_ECDH_RSA_WITH_AES_256_CBC_SHA384, TLS_DHE_RSA_WITH_AES_256_CBC_SHA256, TLS_DHE_DSS_WITH_AES_256_CBC_SHA256, TLS_ECDHE_ECDSA_WITH_AES_256_CBC_SHA, TLS_ECDHE_RSA_WITH_AES_256_CBC_SHA, TLS_RSA_WITH_AES_256_CBC_SHA, TLS_ECDH_ECDSA_WITH_AES_256_CBC_SHA, TLS_ECDH_RSA_WITH_AES_256_CBC_SHA, TLS_DHE_RSA_WITH_AES_256_CBC_SHA, TLS_DHE_DSS_WITH_AES_256_CBC_SHA, TLS_ECDHE_ECDSA_WITH_AES_128_CBC_SHA256, TLS_ECDHE_RSA_WITH_AES_128_CBC_SHA256, TLS_RSA_WITH_AES_128_CBC_SHA256, TLS_ECDH_ECDSA_WITH_AES_128_CBC_SHA256, TLS_ECDH_RSA_WITH_AES_128_CBC_SHA256, TLS_DHE_RSA_WITH_AES_128_CBC_SHA256, TLS_DHE_DSS_WITH_AES_128_CBC_SHA256, TLS_ECDHE_ECDSA_WITH_AES_128_CBC_SHA, TLS_ECDHE_RSA_WITH_AES_128_CBC_SHA, TLS_RSA_WITH_AES_128_CBC_SHA, TLS_ECDH_ECDSA_WITH_AES_128_CBC_SHA, TLS_ECDH_RSA_WITH_AES_128_CBC_SHA, TLS_DHE_RSA_WITH_AES_128_CBC_SHA, TLS_DHE_DSS_WITH_AES_128_CBC_SHA, TLS_ECDHE_ECDSA_WITH_AES_256_GCM_SHA384, TLS_ECDHE_ECDSA_WITH_AES_128_GCM_SHA256, TLS_ECDHE_RSA_WITH_AES_256_GCM_SHA384, TLS_RSA_WITH_AES_256_GCM_SHA384, TLS_ECDH_ECDSA_WITH_AES_256_GCM_SHA384, TLS_ECDH_RSA_WITH_AES_256_GCM_SHA384, TLS_DHE_RSA_WITH_AES_256_GCM_SHA384, TLS_DHE_DSS_WITH_AES_256_GCM_SHA384, TLS_ECDHE_RSA_WITH_AES_128_GCM_SHA256, TLS_RSA_WITH_AES_128_GCM_SHA256, TLS_ECDH_ECDSA_WITH_AES_128_GCM_SHA256, TLS_ECDH_RSA_WITH_AES_128_GCM_SHA256, TLS_DHE_RSA_WITH_AES_128_GCM_SHA256, TLS_DHE_DSS_WITH_AES_128_GCM_SHA256, TLS_EMPTY_RENEGOTIATION_INFO_SCSV]
[DEBUG] Enabled cipher suites: [TLS_ECDHE_ECDSA_WITH_AES_256_CBC_SHA384, TLS_ECDHE_RSA_WITH_AES_256_CBC_SHA384, TLS_RSA_WITH_AES_256_CBC_SHA256, TLS_ECDH_ECDSA_WITH_AES_256_CBC_SHA384, TLS_ECDH_RSA_WITH_AES_256_CBC_SHA384, TLS_DHE_RSA_WITH_AES_256_CBC_SHA256, TLS_DHE_DSS_WITH_AES_256_CBC_SHA256, TLS_ECDHE_ECDSA_WITH_AES_256_CBC_SHA, TLS_ECDHE_RSA_WITH_AES_256_CBC_SHA, TLS_RSA_WITH_AES_256_CBC_SHA, TLS_ECDH_ECDSA_WITH_AES_256_CBC_SHA, TLS_ECDH_RSA_WITH_AES_256_CBC_SHA, TLS_DHE_RSA_WITH_AES_256_CBC_SHA, TLS_DHE_DSS_WITH_AES_256_CBC_SHA, TLS_ECDHE_ECDSA_WITH_AES_128_CBC_SHA256, TLS_ECDHE_RSA_WITH_AES_128_CBC_SHA256, TLS_RSA_WITH_AES_128_CBC_SHA256, TLS_ECDH_ECDSA_WITH_AES_128_CBC_SHA256, TLS_ECDH_RSA_WITH_AES_128_CBC_SHA256, TLS_DHE_RSA_WITH_AES_128_CBC_SHA256, TLS_DHE_DSS_WITH_AES_128_CBC_SHA256, TLS_ECDHE_ECDSA_WITH_AES_128_CBC_SHA, TLS_ECDHE_RSA_WITH_AES_128_CBC_SHA, TLS_RSA_WITH_AES_128_CBC_SHA, TLS_ECDH_ECDSA_WITH_AES_128_CBC_SHA, TLS_ECDH_RSA_WITH_AES_128_CBC_SHA, TLS_DHE_RSA_WITH_AES_128_CBC_SHA, TLS_DHE_DSS_WITH_AES_128_CBC_SHA, TLS_ECDHE_ECDSA_WITH_AES_256_GCM_SHA384, TLS_ECDHE_ECDSA_WITH_AES_128_GCM_SHA256, TLS_ECDHE_RSA_WITH_AES_256_GCM_SHA384, TLS_RSA_WITH_AES_256_GCM_SHA384, TLS_ECDH_ECDSA_WITH_AES_256_GCM_SHA384, TLS_ECDH_RSA_WITH_AES_256_GCM_SHA384, TLS_DHE_RSA_WITH_AES_256_GCM_SHA384, TLS_DHE_DSS_WITH_AES_256_GCM_SHA384, TLS_ECDHE_RSA_WITH_AES_128_GCM_SHA256, TLS_RSA_WITH_AES_128_GCM_SHA256, TLS_ECDH_ECDSA_WITH_AES_128_GCM_SHA256, TLS_ECDH_RSA_WITH_AES_128_GCM_SHA256, TLS_DHE_RSA_WITH_AES_128_GCM_SHA256, TLS_DHE_DSS_WITH_AES_128_GCM_SHA256, TLS_EMPTY_RENEGOTIATION_INFO_SCSV]
[DEBUG] Starting handshake
[DEBUG] Enabled cipher suites: [TLS_ECDHE_ECDSA_WITH_AES_256_CBC_SHA384, TLS_ECDHE_RSA_WITH_AES_256_CBC_SHA384, TLS_RSA_WITH_AES_256_CBC_SHA256, TLS_ECDH_ECDSA_WITH_AES_256_CBC_SHA384, TLS_ECDH_RSA_WITH_AES_256_CBC_SHA384, TLS_DHE_RSA_WITH_AES_256_CBC_SHA256, TLS_DHE_DSS_WITH_AES_256_CBC_SHA256, TLS_ECDHE_ECDSA_WITH_AES_256_CBC_SHA, TLS_ECDHE_RSA_WITH_AES_256_CBC_SHA, TLS_RSA_WITH_AES_256_CBC_SHA, TLS_ECDH_ECDSA_WITH_AES_256_CBC_SHA, TLS_ECDH_RSA_WITH_AES_256_CBC_SHA, TLS_DHE_RSA_WITH_AES_256_CBC_SHA, TLS_DHE_DSS_WITH_AES_256_CBC_SHA, TLS_ECDHE_ECDSA_WITH_AES_128_CBC_SHA256, TLS_ECDHE_RSA_WITH_AES_128_CBC_SHA256, TLS_RSA_WITH_AES_128_CBC_SHA256, TLS_ECDH_ECDSA_WITH_AES_128_CBC_SHA256, TLS_ECDH_RSA_WITH_AES_128_CBC_SHA256, TLS_DHE_RSA_WITH_AES_128_CBC_SHA256, TLS_DHE_DSS_WITH_AES_128_CBC_SHA256, TLS_ECDHE_ECDSA_WITH_AES_128_CBC_SHA, TLS_ECDHE_RSA_WITH_AES_128_CBC_SHA, TLS_RSA_WITH_AES_128_CBC_SHA, TLS_ECDH_ECDSA_WITH_AES_128_CBC_SHA, TLS_ECDH_RSA_WITH_AES_128_CBC_SHA, TLS_DHE_RSA_WITH_AES_128_CBC_SHA, TLS_DHE_DSS_WITH_AES_128_CBC_SHA, TLS_ECDHE_ECDSA_WITH_AES_256_GCM_SHA384, TLS_ECDHE_ECDSA_WITH_AES_128_GCM_SHA256, TLS_ECDHE_RSA_WITH_AES_256_GCM_SHA384, TLS_RSA_WITH_AES_256_GCM_SHA384, TLS_ECDH_ECDSA_WITH_AES_256_GCM_SHA384, TLS_ECDH_RSA_WITH_AES_256_GCM_SHA384, TLS_DHE_RSA_WITH_AES_256_GCM_SHA384, TLS_DHE_DSS_WITH_AES_256_GCM_SHA384, TLS_ECDHE_RSA_WITH_AES_128_GCM_SHA256, TLS_RSA_WITH_AES_128_GCM_SHA256, TLS_ECDH_ECDSA_WITH_AES_128_GCM_SHA256, TLS_ECDH_RSA_WITH_AES_128_GCM_SHA256, TLS_DHE_RSA_WITH_AES_128_GCM_SHA256, TLS_DHE_DSS_WITH_AES_128_GCM_SHA256, TLS_EMPTY_RENEGOTIATION_INFO_SCSV]
[DEBUG] Starting handshake
[DEBUG] Enabled cipher suites: [TLS_ECDHE_ECDSA_WITH_AES_256_CBC_SHA384, TLS_ECDHE_RSA_WITH_AES_256_CBC_SHA384, TLS_RSA_WITH_AES_256_CBC_SHA256, TLS_ECDH_ECDSA_WITH_AES_256_CBC_SHA384, TLS_ECDH_RSA_WITH_AES_256_CBC_SHA384, TLS_DHE_RSA_WITH_AES_256_CBC_SHA256, TLS_DHE_DSS_WITH_AES_256_CBC_SHA256, TLS_ECDHE_ECDSA_WITH_AES_256_CBC_SHA, TLS_ECDHE_RSA_WITH_AES_256_CBC_SHA, TLS_RSA_WITH_AES_256_CBC_SHA, TLS_ECDH_ECDSA_WITH_AES_256_CBC_SHA, TLS_ECDH_RSA_WITH_AES_256_CBC_SHA, TLS_DHE_RSA_WITH_AES_256_CBC_SHA, TLS_DHE_DSS_WITH_AES_256_CBC_SHA, TLS_ECDHE_ECDSA_WITH_AES_128_CBC_SHA256, TLS_ECDHE_RSA_WITH_AES_128_CBC_SHA256, TLS_RSA_WITH_AES_128_CBC_SHA256, TLS_ECDH_ECDSA_WITH_AES_128_CBC_SHA256, TLS_ECDH_RSA_WITH_AES_128_CBC_SHA256, TLS_DHE_RSA_WITH_AES_128_CBC_SHA256, TLS_DHE_DSS_WITH_AES_128_CBC_SHA256, TLS_ECDHE_ECDSA_WITH_AES_128_CBC_SHA, TLS_ECDHE_RSA_WITH_AES_128_CBC_SHA, TLS_RSA_WITH_AES_128_CBC_SHA, TLS_ECDH_ECDSA_WITH_AES_128_CBC_SHA, TLS_ECDH_RSA_WITH_AES_128_CBC_SHA, TLS_DHE_RSA_WITH_AES_128_CBC_SHA, TLS_DHE_DSS_WITH_AES_128_CBC_SHA, TLS_ECDHE_ECDSA_WITH_AES_256_GCM_SHA384, TLS_ECDHE_ECDSA_WITH_AES_128_GCM_SHA256, TLS_ECDHE_RSA_WITH_AES_256_GCM_SHA384, TLS_RSA_WITH_AES_256_GCM_SHA384, TLS_ECDH_ECDSA_WITH_AES_256_GCM_SHA384, TLS_ECDH_RSA_WITH_AES_256_GCM_SHA384, TLS_DHE_RSA_WITH_AES_256_GCM_SHA384, TLS_DHE_DSS_WITH_AES_256_GCM_SHA384, TLS_ECDHE_RSA_WITH_AES_128_GCM_SHA256, TLS_RSA_WITH_AES_128_GCM_SHA256, TLS_ECDH_ECDSA_WITH_AES_128_GCM_SHA256, TLS_ECDH_RSA_WITH_AES_128_GCM_SHA256, TLS_DHE_RSA_WITH_AES_128_GCM_SHA256, TLS_DHE_DSS_WITH_AES_128_GCM_SHA256, TLS_EMPTY_RENEGOTIATION_INFO_SCSV]
[DEBUG] Starting handshake
[DEBUG] Starting handshake
[DEBUG] Secure session established
[DEBUG]  negotiated protocol: TLSv1.2
[DEBUG]  negotiated cipher suite: TLS_ECDHE_RSA_WITH_AES_128_GCM_SHA256
[DEBUG]  peer principal: CN=www.github.com, O="GitHub, Inc.", L=San Francisco, ST=California, C=US
[DEBUG]  peer alternative names: [www.github.com, *.github.com, github.com, *.github.io, github.io, *.githubusercontent.com, githubusercontent.com]
[DEBUG]  issuer principal: CN=DigiCert SHA2 High Assurance Server CA, OU=www.digicert.com, O=DigiCert Inc, C=US
[DEBUG] Secure session established
[DEBUG] Secure session established
[DEBUG]  negotiated protocol: TLSv1.2
[DEBUG]  negotiated protocol: TLSv1.2
[DEBUG]  negotiated cipher suite: TLS_ECDHE_RSA_WITH_AES_128_GCM_SHA256
[DEBUG]  negotiated cipher suite: TLS_ECDHE_RSA_WITH_AES_128_GCM_SHA256
[DEBUG]  peer principal: CN=www.github.com, O="GitHub, Inc.", L=San Francisco, ST=California, C=US
[DEBUG]  peer principal: CN=www.github.com, O="GitHub, Inc.", L=San Francisco, ST=California, C=US
[DEBUG]  peer alternative names: [www.github.com, *.github.com, github.com, *.github.io, github.io, *.githubusercontent.com, githubusercontent.com]
[DEBUG]  peer alternative names: [www.github.com, *.github.com, github.com, *.github.io, github.io, *.githubusercontent.com, githubusercontent.com]
[DEBUG]  issuer principal: CN=DigiCert SHA2 High Assurance Server CA, OU=www.digicert.com, O=DigiCert Inc, C=US
[DEBUG]  issuer principal: CN=DigiCert SHA2 High Assurance Server CA, OU=www.digicert.com, O=DigiCert Inc, C=US
[DEBUG] http-outgoing-1: connection established 192.168.1.4:55977<->185.199.108.133:443
[DEBUG] http-outgoing-2: connection established 192.168.1.4:55976<->185.199.108.133:443
[DEBUG] ep-00000001: connected http-outgoing-1
[DEBUG] ep-00000001: endpoint connected
[DEBUG] ep-00000002: connected http-outgoing-2
[DEBUG] ep-00000002: endpoint connected
[DEBUG] http-outgoing-0: connection established 192.168.1.4:55974<->185.199.108.133:443
[DEBUG] ep-00000000: connected http-outgoing-0
[DEBUG] ep-00000000: endpoint connected
[DEBUG] Secure session established
[DEBUG]  negotiated protocol: TLSv1.2
[DEBUG]  negotiated cipher suite: TLS_ECDHE_RSA_WITH_AES_128_GCM_SHA256
[DEBUG]  peer principal: CN=www.github.com, O="GitHub, Inc.", L=San Francisco, ST=California, C=US
[DEBUG]  peer alternative names: [www.github.com, *.github.com, github.com, *.github.io, github.io, *.githubusercontent.com, githubusercontent.com]
[DEBUG]  issuer principal: CN=DigiCert SHA2 High Assurance Server CA, OU=www.digicert.com, O=DigiCert Inc, C=US
[DEBUG] ex-00000002: executing GET /bonigarcia/webdrivermanager/master/src/main/resources/commands.properties HTTP/1.1
[DEBUG] http-outgoing-3: connection established 192.168.1.4:55975<->185.199.108.133:443
[DEBUG] ep-00000003: connected http-outgoing-3
[DEBUG] ep-00000003: endpoint connected
[DEBUG] ex-00000004: executing GET /bonigarcia/webdrivermanager/master/src/main/resources/commands.properties HTTP/1.1
[DEBUG] ex-00000003: executing GET /bonigarcia/webdrivermanager/master/src/main/resources/commands.properties HTTP/1.1
[DEBUG] ex-00000001: executing GET /bonigarcia/webdrivermanager/master/src/main/resources/commands.properties HTTP/1.1
[DEBUG] ep-00000002: start execution ex-00000002
[DEBUG] ep-00000000: start execution ex-00000003
[DEBUG] ep-00000003: start execution ex-00000004
[DEBUG] ep-00000000: executing exchange ex-00000003 over http-outgoing-0
[DEBUG] ep-00000002: executing exchange ex-00000002 over http-outgoing-2
[DEBUG] ep-00000001: start execution ex-00000001
[DEBUG] ep-00000003: executing exchange ex-00000004 over http-outgoing-3
[DEBUG] ep-00000001: executing exchange ex-00000001 over http-outgoing-1
[DEBUG] http-outgoing-3 >> GET /bonigarcia/webdrivermanager/master/src/main/resources/commands.properties HTTP/1.1
[DEBUG] http-outgoing-0 >> GET /bonigarcia/webdrivermanager/master/src/main/resources/commands.properties HTTP/1.1
[DEBUG] http-outgoing-0 >> user-agent: Apache-HttpClient/5.0
[DEBUG] http-outgoing-2 >> GET /bonigarcia/webdrivermanager/master/src/main/resources/commands.properties HTTP/1.1
[DEBUG] http-outgoing-3 >> user-agent: Apache-HttpClient/5.0
[DEBUG] http-outgoing-2 >> user-agent: Apache-HttpClient/5.0
[DEBUG] http-outgoing-3 >> accept-encoding: gzip, deflate, br
[DEBUG] http-outgoing-0 >> accept-encoding: gzip, deflate, br
[DEBUG] http-outgoing-0 >> cache-control: max-age=0
[DEBUG] http-outgoing-0 >> connection: keep-alive
[DEBUG] http-outgoing-1 >> GET /bonigarcia/webdrivermanager/master/src/main/resources/commands.properties HTTP/1.1
[DEBUG] http-outgoing-0 >> Host: raw.githubusercontent.com
[DEBUG] http-outgoing-1 >> user-agent: Apache-HttpClient/5.0
[DEBUG] http-outgoing-3 >> cache-control: max-age=0
[DEBUG] http-outgoing-2 >> accept-encoding: gzip, deflate, br
[DEBUG] http-outgoing-3 >> connection: keep-alive
[DEBUG] http-outgoing-2 >> cache-control: max-age=0
[DEBUG] http-outgoing-2 >> connection: keep-alive
[DEBUG] http-outgoing-0 >> "GET /bonigarcia/webdrivermanager/master/src/main/resources/commands.properties HTTP/1.1[\r][\n]"
[DEBUG] http-outgoing-0 >> "user-agent: Apache-HttpClient/5.0[\r][\n]"
[DEBUG] http-outgoing-1 >> accept-encoding: gzip, deflate, br
[DEBUG] http-outgoing-0 >> "accept-encoding: gzip, deflate, br[\r][\n]"
[DEBUG] http-outgoing-2 >> Host: raw.githubusercontent.com
[DEBUG] http-outgoing-3 >> Host: raw.githubusercontent.com
[DEBUG] http-outgoing-2 >> "GET /bonigarcia/webdrivermanager/master/src/main/resources/commands.properties HTTP/1.1[\r][\n]"
[DEBUG] http-outgoing-3 >> "GET /bonigarcia/webdrivermanager/master/src/main/resources/commands.properties HTTP/1.1[\r][\n]"
[DEBUG] http-outgoing-2 >> "user-agent: Apache-HttpClient/5.0[\r][\n]"
[DEBUG] http-outgoing-0 >> "cache-control: max-age=0[\r][\n]"
[DEBUG] http-outgoing-1 >> cache-control: max-age=0
[DEBUG] http-outgoing-2 >> "accept-encoding: gzip, deflate, br[\r][\n]"
[DEBUG] http-outgoing-0 >> "connection: keep-alive[\r][\n]"
[DEBUG] http-outgoing-3 >> "user-agent: Apache-HttpClient/5.0[\r][\n]"
[DEBUG] http-outgoing-2 >> "cache-control: max-age=0[\r][\n]"
[DEBUG] http-outgoing-1 >> connection: keep-alive
[DEBUG] http-outgoing-2 >> "connection: keep-alive[\r][\n]"
[DEBUG] http-outgoing-1 >> Host: raw.githubusercontent.com
[DEBUG] http-outgoing-3 >> "accept-encoding: gzip, deflate, br[\r][\n]"
[DEBUG] http-outgoing-3 >> "cache-control: max-age=0[\r][\n]"
[DEBUG] http-outgoing-0 >> "Host: raw.githubusercontent.com[\r][\n]"
[DEBUG] http-outgoing-1 >> "GET /bonigarcia/webdrivermanager/master/src/main/resources/commands.properties HTTP/1.1[\r][\n]"
[DEBUG] http-outgoing-3 >> "connection: keep-alive[\r][\n]"
[DEBUG] http-outgoing-1 >> "user-agent: Apache-HttpClient/5.0[\r][\n]"
[DEBUG] http-outgoing-2 >> "Host: raw.githubusercontent.com[\r][\n]"
[DEBUG] http-outgoing-1 >> "accept-encoding: gzip, deflate, br[\r][\n]"
[DEBUG] http-outgoing-3 >> "Host: raw.githubusercontent.com[\r][\n]"
[DEBUG] http-outgoing-0 >> "[\r][\n]"
[DEBUG] http-outgoing-3 >> "[\r][\n]"
[DEBUG] http-outgoing-2 >> "[\r][\n]"
[DEBUG] http-outgoing-1 >> "cache-control: max-age=0[\r][\n]"
[DEBUG] http-outgoing-1 >> "connection: keep-alive[\r][\n]"
[DEBUG] http-outgoing-1 >> "Host: raw.githubusercontent.com[\r][\n]"
[DEBUG] http-outgoing-1 >> "[\r][\n]"
[DEBUG] http-outgoing-2 << "HTTP/1.1 200 OK[\r][\n]"
[DEBUG] http-outgoing-0 << "HTTP/1.1 200 OK[\r][\n]"
[DEBUG] http-outgoing-3 << "HTTP/1.1 200 OK[\r][\n]"
[DEBUG] http-outgoing-0 << "Connection: keep-alive[\r][\n]"
[DEBUG] http-outgoing-0 << "Content-Length: 728[\r][\n]"
[DEBUG] http-outgoing-2 << "Connection: keep-alive[\r][\n]"
[DEBUG] http-outgoing-2 << "Content-Length: 728[\r][\n]"
[DEBUG] http-outgoing-2 << "Cache-Control: max-age=300[\r][\n]"
[DEBUG] http-outgoing-2 << "Content-Security-Policy: default-src 'none'; style-src 'unsafe-inline'; sandbox[\r][\n]"
[DEBUG] http-outgoing-2 << "Content-Type: text/plain; charset=utf-8[\r][\n]"
[DEBUG] http-outgoing-0 << "Cache-Control: max-age=300[\r][\n]"
[DEBUG] http-outgoing-2 << "ETag: W/"f670816d6bfbef80584dadbb549bb9c4ccd5de869d5b63cc2a694a74613014b5"[\r][\n]"
[DEBUG] http-outgoing-3 << "Connection: keep-alive[\r][\n]"
[DEBUG] http-outgoing-2 << "Strict-Transport-Security: max-age=31536000[\r][\n]"
[DEBUG] http-outgoing-3 << "Content-Length: 728[\r][\n]"
[DEBUG] http-outgoing-0 << "Content-Security-Policy: default-src 'none'; style-src 'unsafe-inline'; sandbox[\r][\n]"
[DEBUG] http-outgoing-3 << "Cache-Control: max-age=300[\r][\n]"
[DEBUG] http-outgoing-0 << "Content-Type: text/plain; charset=utf-8[\r][\n]"
[DEBUG] http-outgoing-3 << "Content-Security-Policy: default-src 'none'; style-src 'unsafe-inline'; sandbox[\r][\n]"
[DEBUG] http-outgoing-0 << "ETag: W/"f670816d6bfbef80584dadbb549bb9c4ccd5de869d5b63cc2a694a74613014b5"[\r][\n]"
[DEBUG] http-outgoing-2 << "X-Content-Type-Options: nosniff[\r][\n]"
[DEBUG] http-outgoing-2 << "X-Frame-Options: deny[\r][\n]"
[DEBUG] http-outgoing-2 << "X-XSS-Protection: 1; mode=block[\r][\n]"
[DEBUG] http-outgoing-2 << "X-GitHub-Request-Id: 620C:10AB:176CBB:381320:61E5F5D9[\r][\n]"
[DEBUG] http-outgoing-2 << "Content-Encoding: gzip[\r][\n]"
[DEBUG] http-outgoing-0 << "Strict-Transport-Security: max-age=31536000[\r][\n]"
[DEBUG] http-outgoing-2 << "Accept-Ranges: bytes[\r][\n]"
[DEBUG] http-outgoing-0 << "X-Content-Type-Options: nosniff[\r][\n]"
[DEBUG] http-outgoing-3 << "Content-Type: text/plain; charset=utf-8[\r][\n]"
[DEBUG] http-outgoing-0 << "X-Frame-Options: deny[\r][\n]"
[DEBUG] http-outgoing-3 << "ETag: W/"f670816d6bfbef80584dadbb549bb9c4ccd5de869d5b63cc2a694a74613014b5"[\r][\n]"
[DEBUG] http-outgoing-2 << "Date: Thu, 20 Jan 2022 07:06:18 GMT[\r][\n]"
[DEBUG] http-outgoing-3 << "Strict-Transport-Security: max-age=31536000[\r][\n]"
[DEBUG] http-outgoing-0 << "X-XSS-Protection: 1; mode=block[\r][\n]"
[DEBUG] http-outgoing-3 << "X-Content-Type-Options: nosniff[\r][\n]"
[DEBUG] http-outgoing-2 << "Via: 1.1 varnish[\r][\n]"
[DEBUG] http-outgoing-0 << "X-GitHub-Request-Id: 620C:10AB:176CBB:381320:61E5F5D9[\r][\n]"
[DEBUG] http-outgoing-2 << "X-Served-By: cache-maa10238-MAA[\r][\n]"
[DEBUG] http-outgoing-0 << "Content-Encoding: gzip[\r][\n]"
[DEBUG] http-outgoing-2 << "X-Cache: HIT[\r][\n]"
[DEBUG] http-outgoing-0 << "Accept-Ranges: bytes[\r][\n]"
[DEBUG] http-outgoing-3 << "X-Frame-Options: deny[\r][\n]"
[DEBUG] http-outgoing-0 << "Date: Thu, 20 Jan 2022 07:06:18 GMT[\r][\n]"
[DEBUG] http-outgoing-2 << "X-Cache-Hits: 1[\r][\n]"
[DEBUG] http-outgoing-0 << "Via: 1.1 varnish[\r][\n]"
[DEBUG] http-outgoing-3 << "X-XSS-Protection: 1; mode=block[\r][\n]"
[DEBUG] http-outgoing-0 << "X-Served-By: cache-maa10230-MAA[\r][\n]"
[DEBUG] http-outgoing-2 << "X-Timer: S1642662378.096051,VS0,VE0[\r][\n]"
[DEBUG] http-outgoing-0 << "X-Cache: HIT[\r][\n]"
[DEBUG] http-outgoing-3 << "X-GitHub-Request-Id: 620C:10AB:176CBB:381320:61E5F5D9[\r][\n]"
[DEBUG] http-outgoing-0 << "X-Cache-Hits: 1[\r][\n]"
[DEBUG] http-outgoing-3 << "Content-Encoding: gzip[\r][\n]"
[DEBUG] http-outgoing-2 << "Vary: Authorization,Accept-Encoding,Origin[\r][\n]"
[DEBUG] http-outgoing-3 << "Accept-Ranges: bytes[\r][\n]"
[DEBUG] http-outgoing-0 << "X-Timer: S1642662378.097897,VS0,VE0[\r][\n]"
[DEBUG] http-outgoing-3 << "Date: Thu, 20 Jan 2022 07:06:18 GMT[\r][\n]"
[DEBUG] http-outgoing-2 << "Access-Control-Allow-Origin: *[\r][\n]"
[DEBUG] http-outgoing-0 << "Vary: Authorization,Accept-Encoding,Origin[\r][\n]"
[DEBUG] http-outgoing-3 << "Via: 1.1 varnish[\r][\n]"
[DEBUG] http-outgoing-2 << "X-Fastly-Request-ID: 1a884c8cec8cfabafa1a24aa8d5321bcede0564a[\r][\n]"
[DEBUG] http-outgoing-0 << "Access-Control-Allow-Origin: *[\r][\n]"
[DEBUG] http-outgoing-2 << "Expires: Thu, 20 Jan 2022 07:11:18 GMT[\r][\n]"
[DEBUG] http-outgoing-0 << "X-Fastly-Request-ID: af0291794265f686f1635b5571ede63fc7197d54[\r][\n]"
[DEBUG] http-outgoing-2 << "Source-Age: 156[\r][\n]"
[DEBUG] http-outgoing-0 << "Expires: Thu, 20 Jan 2022 07:11:18 GMT[\r][\n]"
[DEBUG] http-outgoing-2 << "[\r][\n]"
[DEBUG] http-outgoing-0 << "Source-Age: 156[\r][\n]"
[DEBUG] http-outgoing-3 << "X-Served-By: cache-maa10227-MAA[\r][\n]"
[DEBUG] http-outgoing-0 << "[\r][\n]"
[DEBUG] http-outgoing-3 << "X-Cache: HIT[\r][\n]"
[DEBUG] http-outgoing-3 << "X-Cache-Hits: 2[\r][\n]"
[DEBUG] http-outgoing-3 << "X-Timer: S1642662378.094313,VS0,VE0[\r][\n]"
[DEBUG] http-outgoing-3 << "Vary: Authorization,Accept-Encoding,Origin[\r][\n]"
[DEBUG] http-outgoing-3 << "Access-Control-Allow-Origin: *[\r][\n]"
[DEBUG] http-outgoing-3 << "X-Fastly-Request-ID: 59996d40f67ed720d24a0d3ca63880b27cc80106[\r][\n]"
[DEBUG] http-outgoing-3 << "Expires: Thu, 20 Jan 2022 07:11:18 GMT[\r][\n]"
[DEBUG] http-outgoing-3 << "Source-Age: 156[\r][\n]"
[DEBUG] http-outgoing-3 << "[\r][\n]"
[DEBUG] http-outgoing-0 << HTTP/1.1 200 OK
[DEBUG] http-outgoing-2 << HTTP/1.1 200 OK
[DEBUG] http-outgoing-0 << Connection: keep-alive
[DEBUG] http-outgoing-3 << HTTP/1.1 200 OK
[DEBUG] http-outgoing-2 << Connection: keep-alive
[DEBUG] http-outgoing-3 << Connection: keep-alive
[DEBUG] http-outgoing-2 << Content-Length: 728
[DEBUG] http-outgoing-2 << Cache-Control: max-age=300
[DEBUG] http-outgoing-2 << Content-Security-Policy: default-src 'none'; style-src 'unsafe-inline'; sandbox
[DEBUG] http-outgoing-2 << Content-Type: text/plain; charset=utf-8
[DEBUG] http-outgoing-2 << ETag: W/"f670816d6bfbef80584dadbb549bb9c4ccd5de869d5b63cc2a694a74613014b5"
[DEBUG] http-outgoing-0 << Content-Length: 728
[DEBUG] http-outgoing-0 << Cache-Control: max-age=300
[DEBUG] http-outgoing-2 << Strict-Transport-Security: max-age=31536000
[DEBUG] http-outgoing-2 << X-Content-Type-Options: nosniff
[DEBUG] http-outgoing-2 << X-Frame-Options: deny
[DEBUG] http-outgoing-2 << X-XSS-Protection: 1; mode=block
[DEBUG] http-outgoing-2 << X-GitHub-Request-Id: 620C:10AB:176CBB:381320:61E5F5D9
[DEBUG] http-outgoing-3 << Content-Length: 728
[DEBUG] http-outgoing-2 << Content-Encoding: gzip
[DEBUG] http-outgoing-1 << "HTTP/1.1 200 OK[\r][\n]"
[DEBUG] http-outgoing-0 << Content-Security-Policy: default-src 'none'; style-src 'unsafe-inline'; sandbox
[DEBUG] http-outgoing-1 << "Connection: keep-alive[\r][\n]"
[DEBUG] http-outgoing-0 << Content-Type: text/plain; charset=utf-8
[DEBUG] http-outgoing-1 << "Content-Length: 728[\r][\n]"
[DEBUG] http-outgoing-2 << Accept-Ranges: bytes
[DEBUG] http-outgoing-1 << "Cache-Control: max-age=300[\r][\n]"
[DEBUG] http-outgoing-2 << Date: Thu, 20 Jan 2022 07:06:18 GMT
[DEBUG] http-outgoing-3 << Cache-Control: max-age=300
[DEBUG] http-outgoing-2 << Via: 1.1 varnish
[DEBUG] http-outgoing-1 << "Content-Security-Policy: default-src 'none'; style-src 'unsafe-inline'; sandbox[\r][\n]"
[DEBUG] http-outgoing-0 << ETag: W/"f670816d6bfbef80584dadbb549bb9c4ccd5de869d5b63cc2a694a74613014b5"
[DEBUG] http-outgoing-0 << Strict-Transport-Security: max-age=31536000
[DEBUG] http-outgoing-0 << X-Content-Type-Options: nosniff
[DEBUG] http-outgoing-0 << X-Frame-Options: deny
[DEBUG] http-outgoing-0 << X-XSS-Protection: 1; mode=block
[DEBUG] http-outgoing-1 << "Content-Type: text/plain; charset=utf-8[\r][\n]"
[DEBUG] http-outgoing-2 << X-Served-By: cache-maa10238-MAA
[DEBUG] http-outgoing-1 << "ETag: W/"f670816d6bfbef80584dadbb549bb9c4ccd5de869d5b63cc2a694a74613014b5"[\r][\n]"
[DEBUG] http-outgoing-2 << X-Cache: HIT
[DEBUG] http-outgoing-1 << "Strict-Transport-Security: max-age=31536000[\r][\n]"
[DEBUG] http-outgoing-3 << Content-Security-Policy: default-src 'none'; style-src 'unsafe-inline'; sandbox
[DEBUG] http-outgoing-1 << "X-Content-Type-Options: nosniff[\r][\n]"
[DEBUG] http-outgoing-3 << Content-Type: text/plain; charset=utf-8
[DEBUG] http-outgoing-1 << "X-Frame-Options: deny[\r][\n]"
[DEBUG] http-outgoing-2 << X-Cache-Hits: 1
[DEBUG] http-outgoing-0 << X-GitHub-Request-Id: 620C:10AB:176CBB:381320:61E5F5D9
[DEBUG] http-outgoing-2 << X-Timer: S1642662378.096051,VS0,VE0
[DEBUG] http-outgoing-0 << Content-Encoding: gzip
[DEBUG] http-outgoing-2 << Vary: Authorization,Accept-Encoding,Origin
[DEBUG] http-outgoing-0 << Accept-Ranges: bytes
[DEBUG] http-outgoing-2 << Access-Control-Allow-Origin: *
[DEBUG] http-outgoing-0 << Date: Thu, 20 Jan 2022 07:06:18 GMT
[DEBUG] http-outgoing-2 << X-Fastly-Request-ID: 1a884c8cec8cfabafa1a24aa8d5321bcede0564a
[DEBUG] http-outgoing-0 << Via: 1.1 varnish
[DEBUG] http-outgoing-1 << "X-XSS-Protection: 1; mode=block[\r][\n]"
[DEBUG] http-outgoing-3 << ETag: W/"f670816d6bfbef80584dadbb549bb9c4ccd5de869d5b63cc2a694a74613014b5"
[DEBUG] http-outgoing-0 << X-Served-By: cache-maa10230-MAA
[DEBUG] http-outgoing-2 << Expires: Thu, 20 Jan 2022 07:11:18 GMT
[DEBUG] http-outgoing-0 << X-Cache: HIT
[DEBUG] http-outgoing-2 << Source-Age: 156
[DEBUG] http-outgoing-0 << X-Cache-Hits: 1
[DEBUG] http-outgoing-0 << X-Timer: S1642662378.097897,VS0,VE0
[DEBUG] http-outgoing-1 << "X-GitHub-Request-Id: 620C:10AB:176CBB:381320:61E5F5D9[\r][\n]"
[DEBUG] http-outgoing-3 << Strict-Transport-Security: max-age=31536000
[DEBUG] http-outgoing-1 << "Content-Encoding: gzip[\r][\n]"
[DEBUG] http-outgoing-3 << X-Content-Type-Options: nosniff
[DEBUG] http-outgoing-0 << Vary: Authorization,Accept-Encoding,Origin
[DEBUG] http-outgoing-3 << X-Frame-Options: deny
[DEBUG] http-outgoing-3 << X-XSS-Protection: 1; mode=block
[DEBUG] http-outgoing-3 << X-GitHub-Request-Id: 620C:10AB:176CBB:381320:61E5F5D9
[DEBUG] http-outgoing-0 << Access-Control-Allow-Origin: *
[DEBUG] http-outgoing-0 << X-Fastly-Request-ID: af0291794265f686f1635b5571ede63fc7197d54
[DEBUG] http-outgoing-0 << Expires: Thu, 20 Jan 2022 07:11:18 GMT
[DEBUG] http-outgoing-0 << Source-Age: 156
[DEBUG] http-outgoing-1 << "Accept-Ranges: bytes[\r][\n]"
[DEBUG] http-outgoing-1 << "Date: Thu, 20 Jan 2022 07:06:18 GMT[\r][\n]"
[DEBUG] http-outgoing-1 << "Via: 1.1 varnish[\r][\n]"
[DEBUG] http-outgoing-1 << "X-Served-By: cache-maa10249-MAA[\r][\n]"
[DEBUG] http-outgoing-1 << "X-Cache: HIT[\r][\n]"
[DEBUG] http-outgoing-3 << Content-Encoding: gzip
[DEBUG] http-outgoing-3 << Accept-Ranges: bytes
[DEBUG] http-outgoing-3 << Date: Thu, 20 Jan 2022 07:06:18 GMT
[DEBUG] http-outgoing-1 << "X-Cache-Hits: 1[\r][\n]"
[DEBUG] http-outgoing-1 << "X-Timer: S1642662378.097312,VS0,VE0[\r][\n]"
[DEBUG] http-outgoing-1 << "Vary: Authorization,Accept-Encoding,Origin[\r][\n]"
[DEBUG] http-outgoing-3 << Via: 1.1 varnish
[DEBUG] http-outgoing-3 << X-Served-By: cache-maa10227-MAA
[DEBUG] http-outgoing-3 << X-Cache: HIT
[DEBUG] http-outgoing-1 << "Access-Control-Allow-Origin: *[\r][\n]"
[DEBUG] http-outgoing-3 << X-Cache-Hits: 2
[DEBUG] http-outgoing-3 << X-Timer: S1642662378.094313,VS0,VE0
[DEBUG] http-outgoing-3 << Vary: Authorization,Accept-Encoding,Origin
[DEBUG] http-outgoing-3 << Access-Control-Allow-Origin: *
[DEBUG] http-outgoing-1 << "X-Fastly-Request-ID: d333caeb232b37cd47409d6cc037db8e82d604a1[\r][\n]"
[DEBUG] http-outgoing-3 << X-Fastly-Request-ID: 59996d40f67ed720d24a0d3ca63880b27cc80106
[DEBUG] http-outgoing-3 << Expires: Thu, 20 Jan 2022 07:11:18 GMT
[DEBUG] http-outgoing-3 << Source-Age: 156
[DEBUG] http-outgoing-1 << "Expires: Thu, 20 Jan 2022 07:11:18 GMT[\r][\n]"
[DEBUG] http-outgoing-1 << "Source-Age: 156[\r][\n]"
[DEBUG] http-outgoing-1 << "[\r][\n]"
[DEBUG] http-outgoing-1 << HTTP/1.1 200 OK
[DEBUG] http-outgoing-1 << Connection: keep-alive
[DEBUG] http-outgoing-1 << Content-Length: 728
[DEBUG] http-outgoing-1 << Cache-Control: max-age=300
[DEBUG] http-outgoing-1 << Content-Security-Policy: default-src 'none'; style-src 'unsafe-inline'; sandbox
[DEBUG] http-outgoing-1 << Content-Type: text/plain; charset=utf-8
[DEBUG] http-outgoing-1 << ETag: W/"f670816d6bfbef80584dadbb549bb9c4ccd5de869d5b63cc2a694a74613014b5"
[DEBUG] http-outgoing-1 << Strict-Transport-Security: max-age=31536000
[DEBUG] http-outgoing-1 << X-Content-Type-Options: nosniff
[DEBUG] http-outgoing-1 << X-Frame-Options: deny
[DEBUG] http-outgoing-1 << X-XSS-Protection: 1; mode=block
[DEBUG] http-outgoing-1 << X-GitHub-Request-Id: 620C:10AB:176CBB:381320:61E5F5D9
[DEBUG] http-outgoing-1 << Content-Encoding: gzip
[DEBUG] http-outgoing-1 << Accept-Ranges: bytes
[DEBUG] http-outgoing-1 << Date: Thu, 20 Jan 2022 07:06:18 GMT
[DEBUG] http-outgoing-1 << Via: 1.1 varnish
[DEBUG] http-outgoing-1 << X-Served-By: cache-maa10249-MAA
[DEBUG] http-outgoing-1 << X-Cache: HIT
[DEBUG] http-outgoing-1 << X-Cache-Hits: 1
[DEBUG] http-outgoing-1 << X-Timer: S1642662378.097312,VS0,VE0
[DEBUG] http-outgoing-1 << Vary: Authorization,Accept-Encoding,Origin
[DEBUG] http-outgoing-1 << Access-Control-Allow-Origin: *
[DEBUG] http-outgoing-1 << X-Fastly-Request-ID: d333caeb232b37cd47409d6cc037db8e82d604a1
[DEBUG] http-outgoing-1 << Expires: Thu, 20 Jan 2022 07:11:18 GMT
[DEBUG] http-outgoing-1 << Source-Age: 156
[DEBUG] ex-00000002: connection can be kept alive for 3 MINUTES
[DEBUG] ex-00000001: connection can be kept alive for 3 MINUTES
[DEBUG] ex-00000003: connection can be kept alive for 3 MINUTES
[DEBUG] ex-00000004: connection can be kept alive for 3 MINUTES
[DEBUG] http-outgoing-2 << "[0x1f][0xffffff8b][0x8][0x0][0x0][0x0][0x0][0x0][0x0][0x3][0xffffffb5]V]o[0xffffffda]0[0x14]}[0xffffffe7]W\[0xffffff81]*[0xffffffb5][0x12][0x1f][[M[0xffffffd3]$[0x1e]hF[0xffffffbb]i [0x18][0xffffffb4][0xffffffdd]&[0xfffffff9][0xffffffc5]Mn[0xffffff82][0xffffffa5]$Fv([0xffffffed]~[0xfffffffd]l[0xffffffe7]c$u[0x6]k[0xffffffe8][l_[0xffffff9f]s|[0xffffffef]q|;[0xffffffe0][0xfffffff0]([0xffffffa2][0xffffffb1]'[0xffffffc1][0xffffffa3][0x9]}[0xffffffa0][0x12][[0x1d][0xffffffb8]]1[0x9]>[0xb][0x11]\[0x1e]'[0xffffff94][0xffffffc5][0x12][0xffffff92][0xffffff95][0x1e]d[0xffffffa1][0x9][0xffffff87][0x7][0x4]|Bw[0xffffff93][0xffffffa0][0x7],6[0xffffffcb]r[0xffffff85]a[0xffffffa8][0x7]\x(t[0xffffff90][0xffffff87][0x9][0xffffffba][0xffffff89]Y|D![0x19]Wk>[0xffffffa0][0xfffffffa][0xe][0x4]b[0xc][0xf][0xffffff82]o[0xffffffa5]ZP[0xffffff94][0xffffffa7][0xffffffce]J[0xfffffff0][0x8][0xffffffbb]p[0xffffffcd][0x4][0xfffffffa][0xfffffffc][0xffffffa9][0xb][0xffffffb3]5[\n]"
[DEBUG] http-outgoing-1 << "[0x1f][0xffffff8b][0x8][0x0][0x0][0x0][0x0][0x0][0x0][0x3][0xffffffb5]V]o[0xffffffda]0[0x14]}[0xffffffe7]W\[0xffffff81]*[0xffffffb5][0x12][0x1f][[M[0xffffffd3]$[0x1e]hF[0xffffffbb]i [0x18][0xffffffb4][0xffffffdd]&[0xfffffff9][0xffffffc5]Mn[0xffffff82][0xffffffa5]$Fv([0xffffffed]~[0xfffffffd]l[0xffffffe7]c$u[0x6]k[0xffffffe8][l_[0xffffff9f]s|[0xffffffef]q|;[0xffffffe0][0xfffffff0]([0xffffffa2][0xffffffb1]'[0xffffffc1][0xffffffa3][0x9]}[0xffffffa0][0x12][[0x1d][0xffffffb8]]1[0x9]>[0xb][0x11]\[0x1e]'[0xffffff94][0xffffffc5][0x12][0xffffff92][0xffffff95][0x1e]d[0xffffffa1][0x9][0xffffff87][0x7][0x4]|Bw[0xffffff93][0xffffffa0][0x7],6[0xffffffcb]r[0xffffff85]a[0xffffffa8][0x7]\x(t[0xffffff90][0xffffff87][0x9][0xffffffba][0xffffff89]Y|D![0x19]Wk>[0xffffffa0][0xfffffffa][0xe][0x4]b[0xc][0xf][0xffffff82]o[0xffffffa5]ZP[0xffffff94][0xffffffa7][0xffffffce]J[0xfffffff0][0x8][0xffffffbb]p[0xffffffcd][0x4][0xfffffffa][0xfffffffc][0xffffffa9][0xb][0xffffffb3]5[\n]"
[DEBUG] http-outgoing-2 << "[0xffffffda][0xffffff85][0xffffffb1][0x17][0xffffffa8]Y[0xffffffb3][0xffffffca]6[0xffffffd1][0xffffff99][0xffffffc6][0xfffffff7][0xffffff98][0xffffffef][0xffffffa3][0xffffffc0]8[0x1][0xffffffae]c[0x12][0x16][0x7] [0xffffff9f]e[0xffffff82][0xffffff91][0xffffff84][0xffffffd3][0x1f],[0xfffffff6][0x14]j[0x17]&,[0xffffffde]([0xffffff98])ua[0xffffffb6]<k)[0xffffff8e][0xffffff94][0xffffffa2][0xffffff95][0x1d][0xffffffa3][0xffffffef][0xffffff9a]a[0x7f][0xffffff9b]n[0xffffffe8][0xffffffbf]{?t#[0xffffffaf][0xffffffaf]N[0x5][0x3][0x7][0xffffffb6][0x11]sMJL[0x1a][0xffffffb6]+[0xffffffc5][0x7]1[0xffffff8d]p[0xffffffd8]>[0xffffff99]/f7[0xffffff8b][0xffffffd1][0xfffffff4][0xfffffffa][0xffffffeb]d[0xffffffbc]<[0xfffffffd][0xfffffff9][0xfffffff1][0xffffffc3][0xffffffd9]'2$[0xffffffe4][0xffffff84][0xffffff90][0x1b][0xffffffce][0xffffff83][0x10][0x9]Iy[0x8][0x19][0xffffffad][0xffffffd7]!s[0xffffff95]>[0x1e][0x13][0xffffff92][0xffffffb1])[0xfffffff8]6[0x4][0xffffff98][0xffffffc0]}[0xffffff96][0xffffff90][0xffffffc1]#[\r]7[0xfffffff5][0xffffffa2][0xffffffce][0xf][0x14]5[0xffffff99]9[0xffffffa3][0xffffffc9]h>[0xffffffff]<[0xffffffba][0x1d][0xffffffbd][0xffffffa5][0xffffff9e][0xffffff8b]W$[0xffffffe9]-[0xfffffff5]\[0xe][0x17][0xffffffe3][0x1b][0xfffffff8]~7^[0xfffffffc][0xffffff82]/[0xffffffdf][0xffffff9c];[0xffffffb2][0xffffffe4]~[0xffffffb2][0xffffffa5][0x2]s[0xffffffb6][0xffffff8c][0xffffffec]jr[0xffffff85][0xffffffd4]5x[0xffffffb9][0x17][U[0xffffffd0]P;F[0xfffffffb] 0[{[0xffffffe9]4[0xfffffff4]zu[0x1b]"[0xffffffea][0xffffffea][0xfffffff0][0xffffffc1][0xffffffce]A[0xffffffe4] [0xffffffe5][0xffffffcd][0xffffffcc][0xffffffd6][0xffffffa7][0xffffffeb][0xfffffff5][0xffffffc0]Q[0xffffff97]H[0xffffffb9]U[0xe][0xffffff94][0x17]g[0xffffffcb]r[0xffffffc0].[0xffffffba][0xffffffb2]h[0xffffffe6][0xfffffffe][0xffffff82][0xffffffc8]O[0xffffffc7][0xffffffcd]L[0xffffff9a][0xffffffe7][0x7f][0xffffffca][0x7f][0xffffffb3]0[0xffffffa4]9[0x9]!9[0xfffffffa][0xffffffbe][0xffffffa4][0xffffffbf]Pq[0xffffffa8]+k[0xffffffaf][0xffffffca][0xfffffff1][0xffffffa4]\[0xffffffec][0x18][0xffffffa0]]v@FR%kk[0xf]8[0x1b][0xffffffa1][0xffffffff] [0xfffffff7][0xffffffd5][0xffffffca][0xffffffe6][0xfffffff8][0xffffff85][0x17][0xffffffb2][0x9][0xffffffe8]=[0xffffffbe][0xc][0xffffffb2][0xffffffd6]?c[0xffffffb1]U~[0x17]K[0x15][[0xffffffff][0xffffffda][\n]"
[DEBUG] http-outgoing-2 << "LT[0xffffff83]#[0xfffffffe][0xffffff8b][0xffffffa6][0xffffffcc][0x15]\[0xffffffaa]L[0x10][0xffffffa2]i*[0xffffff97]-[0xffffff92][0xffffff86]n_[0xffffffb2][0xffffffcb][0xffffff9a]^S[0xfffffff4]7[0xffffff94]sQ{[0xfffffff3][0xffffffff][0xffffff92][0x19][0xffffffae][0x7f]^}[0xffffff83]Y[0x14];[0xffffffca]w[0xfffffff6][0xfffffff4][0xffffffbc][0xffffffed][0xffffffe6][0xffffff9b]xk[0xffffffdd][0xb]VSW[[0xfffffff9][0xffffffcb][0x11]P[0xffffffba][0xfffffff8][0xffffffe6][0xffffffb5]+X[0xffffffcc][0xffffffbb][0xfffffff6][0xffffffff]n[0xffffffb0]=[0x2]s[0xffffffc1][0x3]A#I[0xffffff88][0xffffffa1] $[0xffffffa4][0xffffff9b][0xffffffd8]U[0xffffffbb][0xfffffff6][0xffffffa6][0xffffffbb]"[0xffffffa2]I[0xfffffff9][0xffffff8f]&[0xffffffe2][0xffffffd0][0xffffffe7][0xffffffc7][0xffffff96][0xffffff89][0xffffff86][0xffffffd4][0xffffff97][\r][0xffffffce][0x7f](u[0xffffff85][0xffffffbb][0xfffffff0][0xffffffa5][0x19][0xffffffda][0xffffffec][0xffffff98][0xffffffc6]Y[0xfffffffd]h8m6[0xffffff9c]U[0xffffffc1][0xfffffff2][0xffffffd6]H[0xfffffff5]W[0xffffffe5][0x17]NM[0x1c][0xffffffc7][0xffffff84]9|[0xffffff83]7[0xffffffbf][0xffffffa4][0xffffffa5][0xfffffff1][0xfffffffb]slAM[0xffffffda][0xffffffa2]ck[0xffffffa9]o[0xffffff89][\n]"
[DEBUG] http-outgoing-1 << "[0xffffffda][0xffffff85][0xffffffb1][0x17][0xffffffa8]Y[0xffffffb3][0xffffffca]6[0xffffffd1][0xffffff99][0xffffffc6][0xfffffff7][0xffffff98][0xffffffef][0xffffffa3][0xffffffc0]8[0x1][0xffffffae]c[0x12][0x16][0x7] [0xffffff9f]e[0xffffff82][0xffffff91][0xffffff84][0xffffffd3][0x1f],[0xfffffff6][0x14]j[0x17]&,[0xffffffde]([0xffffff98])ua[0xffffffb6]<k)[0xffffff8e][0xffffff94][0xffffffa2][0xffffff95][0x1d][0xffffffa3][0xffffffef][0xffffff9a]a[0x7f][0xffffff9b]n[0xffffffe8][0xffffffbf]{?t#[0xffffffaf][0xffffffaf]N[0x5][0x3][0x7][0xffffffb6][0x11]sMJL[0x1a][0xffffffb6]+[0xffffffc5][0x7]1[0xffffff8d]p[0xffffffd8]>[0xffffff99]/f7[0xffffff8b][0xffffffd1][0xfffffff4][0xfffffffa][0xffffffeb]d[0xffffffbc]<[0xfffffffd][0xfffffff9][0xfffffff1][0xffffffc3][0xffffffd9]'2$[0xffffffe4][0xffffff84][0xffffff90][0x1b][0xffffffce][0xffffff83][0x10][0x9]Iy[0x8][0x19][0xffffffad][0xffffffd7]!s[0xffffff95]>[0x1e][0x13][0xffffff92][0xffffffb1])[0xfffffff8]6[0x4][0xffffff98][0xffffffc0]}[0xffffff96][0xffffff90][0xffffffc1]#[\r]7[0xfffffff5][0xffffffa2][0xffffffce][0xf][0x14]5[0xffffff99]9[0xffffffa3][0xffffffc9]h>[0xffffffff]<[0xffffffba][0x1d][0xffffffbd][0xffffffa5][0xffffff9e][0xffffff8b]W$[0xffffffe9]-[0xfffffff5]\[0xe][0x17][0xffffffe3][0x1b][0xfffffff8]~7^[0xfffffffc][0xffffff82]/[0xffffffdf][0xffffff9c];[0xffffffb2][0xffffffe4]~[0xffffffb2][0xffffffa5][0x2]s[0xffffffb6][0xffffff8c][0xffffffec]jr[0xffffff85][0xffffffd4]5x[0xffffffb9][0x17][U[0xffffffd0]P;F[0xfffffffb] 0[{[0xffffffe9]4[0xfffffff4]zu[0x1b]"[0xffffffea][0xffffffea][0xfffffff0][0xffffffc1][0xffffffce]A[0xffffffe4] [0xffffffe5][0xffffffcd][0xffffffcc][0xffffffd6][0xffffffa7][0xffffffeb][0xfffffff5][0xffffffc0]Q[0xffffff97]H[0xffffffb9]U[0xe][0xffffff94][0x17]g[0xffffffcb]r[0xffffffc0].[0xffffffba][0xffffffb2]h[0xffffffe6][0xfffffffe][0xffffff82][0xffffffc8]O[0xffffffc7][0xffffffcd]L[0xffffff9a][0xffffffe7][0x7f][0xffffffca][0x7f][0xffffffb3]0[0xffffffa4]9[0x9]!9[0xfffffffa][0xffffffbe][0xffffffa4][0xffffffbf]Pq[0xffffffa8]+k[0xffffffaf][0xffffffca][0xfffffff1][0xffffffa4]\[0xffffffec][0x18][0xffffffa0]]v@FR%kk[0xf]8[0x1b][0xffffffa1][0xffffffff] [0xfffffff7][0xffffffd5][0xffffffca][0xffffffe6][0xfffffff8][0xffffff85][0x17][0xffffffb2][0x9][0xffffffe8]=[0xffffffbe][0xc][0xffffffb2][0xffffffd6]?c[0xffffffb1]U~[0x17]K[0x15][[0xffffffff][0xffffffda][\n]"
[DEBUG] http-outgoing-3 << "[0x1f][0xffffff8b][0x8][0x0][0x0][0x0][0x0][0x0][0x0][0x3][0xffffffb5]V]o[0xffffffda]0[0x14]}[0xffffffe7]W\[0xffffff81]*[0xffffffb5][0x12][0x1f][[M[0xffffffd3]$[0x1e]hF[0xffffffbb]i [0x18][0xffffffb4][0xffffffdd]&[0xfffffff9][0xffffffc5]Mn[0xffffff82][0xffffffa5]$Fv([0xffffffed]~[0xfffffffd]l[0xffffffe7]c$u[0x6]k[0xffffffe8][l_[0xffffff9f]s|[0xffffffef]q|;[0xffffffe0][0xfffffff0]([0xffffffa2][0xffffffb1]'[0xffffffc1][0xffffffa3][0x9]}[0xffffffa0][0x12][[0x1d][0xffffffb8]]1[0x9]>[0xb][0x11]\[0x1e]'[0xffffff94][0xffffffc5][0x12][0xffffff92][0xffffff95][0x1e]d[0xffffffa1][0x9][0xffffff87][0x7][0x4]|Bw[0xffffff93][0xffffffa0][0x7],6[0xffffffcb]r[0xffffff85]a[0xffffffa8][0x7]\x(t[0xffffff90][0xffffff87][0x9][0xffffffba][0xffffff89]Y|D![0x19]Wk>[0xffffffa0][0xfffffffa][0xe][0x4]b[0xc][0xf][0xffffff82]o[0xffffffa5]ZP[0xffffff94][0xffffffa7][0xffffffce]J[0xfffffff0][0x8][0xffffffbb]p[0xffffffcd][0x4][0xfffffffa][0xfffffffc][0xffffffa9][0xb][0xffffffb3]5[\n]"
[DEBUG] http-outgoing-2 << "[0xffffffa6][0xfffffffd][0xffffffdd][0xffffff90]F,[0xffffffec][0xffffff97][0xffffffcf][0xfffffff4][0xffffffb2][0xffffff86]}[0xffffffc7]<u[0xffffff9b][0xffffffce][0xffffff8b]M[0xffffffb5][0xfffffffd][0xffffff93][0xffffff8e][0xffffffb6]:7[0xffffff97]i3[0xffffffaf]cA[0xffffffed][0xffffffc0][0xffffff92][0xfffffffa]T[0xffffffb0][0x2]^[0xffffff9a][0xffffffa1][0x1d]<[\r][0xffffffb5]A[0xffffffa7]+;[0xffffffc0][0x7f][0x0][0xffffffb2]$|[0xffffff88][0x1d][\r][0x0][0x0]"
[DEBUG] http-outgoing-1 << "LT[0xffffff83]#[0xfffffffe][0xffffff8b][0xffffffa6][0xffffffcc][0x15]\[0xffffffaa]L[0x10][0xffffffa2]i*[0xffffff97]-[0xffffff92][0xffffff86]n_[0xffffffb2][0xffffffcb][0xffffff9a]^S[0xfffffff4]7[0xffffff94]sQ{[0xfffffff3][0xffffffff][0xffffff92][0x19][0xffffffae][0x7f]^}[0xffffff83]Y[0x14];[0xffffffca]w[0xfffffff6][0xfffffff4][0xffffffbc][0xffffffed][0xffffffe6][0xffffff9b]xk[0xffffffdd][0xb]VSW[[0xfffffff9][0xffffffcb][0x11]P[0xffffffba][0xfffffff8][0xffffffe6][0xffffffb5]+X[0xffffffcc][0xffffffbb][0xfffffff6][0xffffffff]n[0xffffffb0]=[0x2]s[0xffffffc1][0x3]A#I[0xffffff88][0xffffffa1] $[0xffffffa4][0xffffff9b][0xffffffd8]U[0xffffffbb][0xfffffff6][0xffffffa6][0xffffffbb]"[0xffffffa2]I[0xfffffff9][0xffffff8f]&[0xffffffe2][0xffffffd0][0xffffffe7][0xffffffc7][0xffffff96][0xffffff89][0xffffff86][0xffffffd4][0xffffff97][\r][0xffffffce][0x7f](u[0xffffff85][0xffffffbb][0xfffffff0][0xffffffa5][0x19][0xffffffda][0xffffffec][0xffffff98][0xffffffc6]Y[0xfffffffd]h8m6[0xffffff9c]U[0xffffffc1][0xfffffff2][0xffffffd6]H[0xfffffff5]W[0xffffffe5][0x17]NM[0x1c][0xffffffc7][0xffffff84]9|[0xffffff83]7[0xffffffbf][0xffffffa4][0xffffffa5][0xfffffff1][0xfffffffb]slAM[0xffffffda][0xffffffa2]ck[0xffffffa9]o[0xffffff89][\n]"
[DEBUG] http-outgoing-1 << "[0xffffffa6][0xfffffffd][0xffffffdd][0xffffff90]F,[0xffffffec][0xffffff97][0xffffffcf][0xfffffff4][0xffffffb2][0xffffff86]}[0xffffffc7]<u[0xffffff9b][0xffffffce][0xffffff8b]M[0xffffffb5][0xfffffffd][0xffffff93][0xffffff8e][0xffffffb6]:7[0xffffff97]i3[0xffffffaf]cA[0xffffffed][0xffffffc0][0xffffff92][0xfffffffa]T[0xffffffb0][0x2]^[0xffffff9a][0xffffffa1][0x1d]<[\r][0xffffffb5]A[0xffffffa7]+;[0xffffffc0][0x7f][0x0][0xffffffb2]$|[0xffffff88][0x1d][\r][0x0][0x0]"
[DEBUG] http-outgoing-3 << "[0xffffffda][0xffffff85][0xffffffb1][0x17][0xffffffa8]Y[0xffffffb3][0xffffffca]6[0xffffffd1][0xffffff99][0xffffffc6][0xfffffff7][0xffffff98][0xffffffef][0xffffffa3][0xffffffc0]8[0x1][0xffffffae]c[0x12][0x16][0x7] [0xffffff9f]e[0xffffff82][0xffffff91][0xffffff84][0xffffffd3][0x1f],[0xfffffff6][0x14]j[0x17]&,[0xffffffde]([0xffffff98])ua[0xffffffb6]<k)[0xffffff8e][0xffffff94][0xffffffa2][0xffffff95][0x1d][0xffffffa3][0xffffffef][0xffffff9a]a[0x7f][0xffffff9b]n[0xffffffe8][0xffffffbf]{?t#[0xffffffaf][0xffffffaf]N[0x5][0x3][0x7][0xffffffb6][0x11]sMJL[0x1a][0xffffffb6]+[0xffffffc5][0x7]1[0xffffff8d]p[0xffffffd8]>[0xffffff99]/f7[0xffffff8b][0xffffffd1][0xfffffff4][0xfffffffa][0xffffffeb]d[0xffffffbc]<[0xfffffffd][0xfffffff9][0xfffffff1][0xffffffc3][0xffffffd9]'2$[0xffffffe4][0xffffff84][0xffffff90][0x1b][0xffffffce][0xffffff83][0x10][0x9]Iy[0x8][0x19][0xffffffad][0xffffffd7]!s[0xffffff95]>[0x1e][0x13][0xffffff92][0xffffffb1])[0xfffffff8]6[0x4][0xffffff98][0xffffffc0]}[0xffffff96][0xffffff90][0xffffffc1]#[\r]7[0xfffffff5][0xffffffa2][0xffffffce][0xf][0x14]5[0xffffff99]9[0xffffffa3][0xffffffc9]h>[0xffffffff]<[0xffffffba][0x1d][0xffffffbd][0xffffffa5][0xffffff9e][0xffffff8b]W$[0xffffffe9]-[0xfffffff5]\[0xe][0x17][0xffffffe3][0x1b][0xfffffff8]~7^[0xfffffffc][0xffffff82]/[0xffffffdf][0xffffff9c];[0xffffffb2][0xffffffe4]~[0xffffffb2][0xffffffa5][0x2]s[0xffffffb6][0xffffff8c][0xffffffec]jr[0xffffff85][0xffffffd4]5x[0xffffffb9][0x17][U[0xffffffd0]P;F[0xfffffffb] 0[{[0xffffffe9]4[0xfffffff4]zu[0x1b]"[0xffffffea][0xffffffea][0xfffffff0][0xffffffc1][0xffffffce]A[0xffffffe4] [0xffffffe5][0xffffffcd][0xffffffcc][0xffffffd6][0xffffffa7][0xffffffeb][0xfffffff5][0xffffffc0]Q[0xffffff97]H[0xffffffb9]U[0xe][0xffffff94][0x17]g[0xffffffcb]r[0xffffffc0].[0xffffffba][0xffffffb2]h[0xffffffe6][0xfffffffe][0xffffff82][0xffffffc8]O[0xffffffc7][0xffffffcd]L[0xffffff9a][0xffffffe7][0x7f][0xffffffca][0x7f][0xffffffb3]0[0xffffffa4]9[0x9]!9[0xfffffffa][0xffffffbe][0xffffffa4][0xffffffbf]Pq[0xffffffa8]+k[0xffffffaf][0xffffffca][0xfffffff1][0xffffffa4]\[0xffffffec][0x18][0xffffffa0]]v@FR%kk[0xf]8[0x1b][0xffffffa1][0xffffffff] [0xfffffff7][0xffffffd5][0xffffffca][0xffffffe6][0xfffffff8][0xffffff85][0x17][0xffffffb2][0x9][0xffffffe8]=[0xffffffbe][0xc][0xffffffb2][0xffffffd6]?c[0xffffffb1]U~[0x17]K[0x15][[0xffffffff][0xffffffda][\n]"
[DEBUG] http-outgoing-3 << "LT[0xffffff83]#[0xfffffffe][0xffffff8b][0xffffffa6][0xffffffcc][0x15]\[0xffffffaa]L[0x10][0xffffffa2]i*[0xffffff97]-[0xffffff92][0xffffff86]n_[0xffffffb2][0xffffffcb][0xffffff9a]^S[0xfffffff4]7[0xffffff94]sQ{[0xfffffff3][0xffffffff][0xffffff92][0x19][0xffffffae][0x7f]^}[0xffffff83]Y[0x14];[0xffffffca]w[0xfffffff6][0xfffffff4][0xffffffbc][0xffffffed][0xffffffe6][0xffffff9b]xk[0xffffffdd][0xb]VSW[[0xfffffff9][0xffffffcb][0x11]P[0xffffffba][0xfffffff8][0xffffffe6][0xffffffb5]+X[0xffffffcc][0xffffffbb][0xfffffff6][0xffffffff]n[0xffffffb0]=[0x2]s[0xffffffc1][0x3]A#I[0xffffff88][0xffffffa1] $[0xffffffa4][0xffffff9b][0xffffffd8]U[0xffffffbb][0xfffffff6][0xffffffa6][0xffffffbb]"[0xffffffa2]I[0xfffffff9][0xffffff8f]&[0xffffffe2][0xffffffd0][0xffffffe7][0xffffffc7][0xffffff96][0xffffff89][0xffffff86][0xffffffd4][0xffffff97][\r][0xffffffce][0x7f](u[0xffffff85][0xffffffbb][0xfffffff0][0xffffffa5][0x19][0xffffffda][0xffffffec][0xffffff98][0xffffffc6]Y[0xfffffffd]h8m6[0xffffff9c]U[0xffffffc1][0xfffffff2][0xffffffd6]H[0xfffffff5]W[0xffffffe5][0x17]NM[0x1c][0xffffffc7][0xffffff84]9|[0xffffff83]7[0xffffffbf][0xffffffa4][0xffffffa5][0xfffffff1][0xfffffffb]slAM[0xffffffda][0xffffffa2]ck[0xffffffa9]o[0xffffff89][\n]"
[DEBUG] http-outgoing-3 << "[0xffffffa6][0xfffffffd][0xffffffdd][0xffffff90]F,[0xffffffec][0xffffff97][0xffffffcf][0xfffffff4][0xffffffb2][0xffffff86]}[0xffffffc7]<u[0xffffff9b][0xffffffce][0xffffff8b]M[0xffffffb5][0xfffffffd][0xffffff93][0xffffff8e][0xffffffb6]:7[0xffffff97]i3[0xffffffaf]cA[0xffffffed][0xffffffc0][0xffffff92][0xfffffffa]T[0xffffffb0][0x2]^[0xffffff9a][0xffffffa1][0x1d]<[\r][0xffffffb5]A[0xffffffa7]+;[0xffffffc0][0x7f][0x0][0xffffffb2]$|[0xffffff88][0x1d][\r][0x0][0x0]"
[DEBUG] http-outgoing-0 << "[0x1f][0xffffff8b][0x8][0x0][0x0][0x0][0x0][0x0][0x0][0x3][0xffffffb5]V]o[0xffffffda]0[0x14]}[0xffffffe7]W\[0xffffff81]*[0xffffffb5][0x12][0x1f][[M[0xffffffd3]$[0x1e]hF[0xffffffbb]i [0x18][0xffffffb4][0xffffffdd]&[0xfffffff9][0xffffffc5]Mn[0xffffff82][0xffffffa5]$Fv([0xffffffed]~[0xfffffffd]l[0xffffffe7]c$u[0x6]k[0xffffffe8][l_[0xffffff9f]s|[0xffffffef]q|;[0xffffffe0][0xfffffff0]([0xffffffa2][0xffffffb1]'[0xffffffc1][0xffffffa3][0x9]}[0xffffffa0][0x12][[0x1d][0xffffffb8]]1[0x9]>[0xb][0x11]\[0x1e]'[0xffffff94][0xffffffc5][0x12][0xffffff92][0xffffff95][0x1e]d[0xffffffa1][0x9][0xffffff87][0x7][0x4]|Bw[0xffffff93][0xffffffa0][0x7],6[0xffffffcb]r[0xffffff85]a[0xffffffa8][0x7]\x(t[0xffffff90][0xffffff87][0x9][0xffffffba][0xffffff89]Y|D![0x19]Wk>[0xffffffa0][0xfffffffa][0xe][0x4]b[0xc][0xf][0xffffff82]o[0xffffffa5]ZP[0xffffff94][0xffffffa7][0xffffffce]J[0xfffffff0][0x8][0xffffffbb]p[0xffffffcd][0x4][0xfffffffa][0xfffffffc][0xffffffa9][0xb][0xffffffb3]5[\n]"
[DEBUG] ep-00000002: releasing valid endpoint
[DEBUG] ep-00000002: releasing endpoint
[DEBUG] ep-00000001: releasing valid endpoint
[DEBUG] ep-00000001: releasing endpoint
[DEBUG] ep-00000003: releasing valid endpoint
[DEBUG] ep-00000002: connection http-outgoing-2 can be kept alive for 3 MINUTES
[DEBUG] ep-00000003: releasing endpoint
[DEBUG] ep-00000003: connection http-outgoing-3 can be kept alive for 3 MINUTES
[DEBUG] http-outgoing-0 << "[0xffffffda][0xffffff85][0xffffffb1][0x17][0xffffffa8]Y[0xffffffb3][0xffffffca]6[0xffffffd1][0xffffff99][0xffffffc6][0xfffffff7][0xffffff98][0xffffffef][0xffffffa3][0xffffffc0]8[0x1][0xffffffae]c[0x12][0x16][0x7] [0xffffff9f]e[0xffffff82][0xffffff91][0xffffff84][0xffffffd3][0x1f],[0xfffffff6][0x14]j[0x17]&,[0xffffffde]([0xffffff98])ua[0xffffffb6]<k)[0xffffff8e][0xffffff94][0xffffffa2][0xffffff95][0x1d][0xffffffa3][0xffffffef][0xffffff9a]a[0x7f][0xffffff9b]n[0xffffffe8][0xffffffbf]{?t#[0xffffffaf][0xffffffaf]N[0x5][0x3][0x7][0xffffffb6][0x11]sMJL[0x1a][0xffffffb6]+[0xffffffc5][0x7]1[0xffffff8d]p[0xffffffd8]>[0xffffff99]/f7[0xffffff8b][0xffffffd1][0xfffffff4][0xfffffffa][0xffffffeb]d[0xffffffbc]<[0xfffffffd][0xfffffff9][0xfffffff1][0xffffffc3][0xffffffd9]'2$[0xffffffe4][0xffffff84][0xffffff90][0x1b][0xffffffce][0xffffff83][0x10][0x9]Iy[0x8][0x19][0xffffffad][0xffffffd7]!s[0xffffff95]>[0x1e][0x13][0xffffff92][0xffffffb1])[0xfffffff8]6[0x4][0xffffff98][0xffffffc0]}[0xffffff96][0xffffff90][0xffffffc1]#[\r]7[0xfffffff5][0xffffffa2][0xffffffce][0xf][0x14]5[0xffffff99]9[0xffffffa3][0xffffffc9]h>[0xffffffff]<[0xffffffba][0x1d][0xffffffbd][0xffffffa5][0xffffff9e][0xffffff8b]W$[0xffffffe9]-[0xfffffff5]\[0xe][0x17][0xffffffe3][0x1b][0xfffffff8]~7^[0xfffffffc][0xffffff82]/[0xffffffdf][0xffffff9c];[0xffffffb2][0xffffffe4]~[0xffffffb2][0xffffffa5][0x2]s[0xffffffb6][0xffffff8c][0xffffffec]jr[0xffffff85][0xffffffd4]5x[0xffffffb9][0x17][U[0xffffffd0]P;F[0xfffffffb] 0[{[0xffffffe9]4[0xfffffff4]zu[0x1b]"[0xffffffea][0xffffffea][0xfffffff0][0xffffffc1][0xffffffce]A[0xffffffe4] [0xffffffe5][0xffffffcd][0xffffffcc][0xffffffd6][0xffffffa7][0xffffffeb][0xfffffff5][0xffffffc0]Q[0xffffff97]H[0xffffffb9]U[0xe][0xffffff94][0x17]g[0xffffffcb]r[0xffffffc0].[0xffffffba][0xffffffb2]h[0xffffffe6][0xfffffffe][0xffffff82][0xffffffc8]O[0xffffffc7][0xffffffcd]L[0xffffff9a][0xffffffe7][0x7f][0xffffffca][0x7f][0xffffffb3]0[0xffffffa4]9[0x9]!9[0xfffffffa][0xffffffbe][0xffffffa4][0xffffffbf]Pq[0xffffffa8]+k[0xffffffaf][0xffffffca][0xfffffff1][0xffffffa4]\[0xffffffec][0x18][0xffffffa0]]v@FR%kk[0xf]8[0x1b][0xffffffa1][0xffffffff] [0xfffffff7][0xffffffd5][0xffffffca][0xffffffe6][0xfffffff8][0xffffff85][0x17][0xffffffb2][0x9][0xffffffe8]=[0xffffffbe][0xc][0xffffffb2][0xffffffd6]?c[0xffffffb1]U~[0x17]K[0x15][[0xffffffff][0xffffffda][\n]"
[DEBUG] ep-00000001: connection http-outgoing-1 can be kept alive for 3 MINUTES
[DEBUG] http-outgoing-0 << "LT[0xffffff83]#[0xfffffffe][0xffffff8b][0xffffffa6][0xffffffcc][0x15]\[0xffffffaa]L[0x10][0xffffffa2]i*[0xffffff97]-[0xffffff92][0xffffff86]n_[0xffffffb2][0xffffffcb][0xffffff9a]^S[0xfffffff4]7[0xffffff94]sQ{[0xfffffff3][0xffffffff][0xffffff92][0x19][0xffffffae][0x7f]^}[0xffffff83]Y[0x14];[0xffffffca]w[0xfffffff6][0xfffffff4][0xffffffbc][0xffffffed][0xffffffe6][0xffffff9b]xk[0xffffffdd][0xb]VSW[[0xfffffff9][0xffffffcb][0x11]P[0xffffffba][0xfffffff8][0xffffffe6][0xffffffb5]+X[0xffffffcc][0xffffffbb][0xfffffff6][0xffffffff]n[0xffffffb0]=[0x2]s[0xffffffc1][0x3]A#I[0xffffff88][0xffffffa1] $[0xffffffa4][0xffffff9b][0xffffffd8]U[0xffffffbb][0xfffffff6][0xffffffa6][0xffffffbb]"[0xffffffa2]I[0xfffffff9][0xffffff8f]&[0xffffffe2][0xffffffd0][0xffffffe7][0xffffffc7][0xffffff96][0xffffff89][0xffffff86][0xffffffd4][0xffffff97][\r][0xffffffce][0x7f](u[0xffffff85][0xffffffbb][0xfffffff0][0xffffffa5][0x19][0xffffffda][0xffffffec][0xffffff98][0xffffffc6]Y[0xfffffffd]h8m6[0xffffff9c]U[0xffffffc1][0xfffffff2][0xffffffd6]H[0xfffffff5]W[0xffffffe5][0x17]NM[0x1c][0xffffffc7][0xffffff84]9|[0xffffff83]7[0xffffffbf][0xffffffa4][0xffffffa5][0xfffffff1][0xfffffffb]slAM[0xffffffda][0xffffffa2]ck[0xffffffa9]o[0xffffff89][\n]"
[DEBUG] http-outgoing-0 << "[0xffffffa6][0xfffffffd][0xffffffdd][0xffffff90]F,[0xffffffec][0xffffff97][0xffffffcf][0xfffffff4][0xffffffb2][0xffffff86]}[0xffffffc7]<u[0xffffff9b][0xffffffce][0xffffff8b]M[0xffffffb5][0xfffffffd][0xffffff93][0xffffff8e][0xffffffb6]:7[0xffffff97]i3[0xffffffaf]cA[0xffffffed][0xffffffc0][0xffffff92][0xfffffffa]T[0xffffffb0][0x2]^[0xffffff9a][0xffffffa1][0x1d]<[\r][0xffffffb5]A[0xffffffa7]+;[0xffffffc0][0x7f][0x0][0xffffffb2]$|[0xffffff88][0x1d][\r][0x0][0x0]"
[DEBUG] ep-00000002: connection released [route: {s}->https://raw.githubusercontent.com:443][total available: 1; route allocated: 1 of 5; total allocated: 1 of 25]
[DEBUG] ep-00000001: connection released [route: {s}->https://raw.githubusercontent.com:443][total available: 1; route allocated: 1 of 5; total allocated: 1 of 25]
[DEBUG] Detecting edge version using online commands.properties
[DEBUG] Detecting edge version using online commands.properties
[DEBUG] ep-00000000: releasing valid endpoint
[DEBUG] ep-00000000: releasing endpoint
[DEBUG] ep-00000000: connection http-outgoing-0 can be kept alive for 3 MINUTES
[DEBUG] ep-00000000: connection released [route: {s}->https://raw.githubusercontent.com:443][total available: 1; route allocated: 1 of 5; total allocated: 1 of 25]
[DEBUG] Detecting edge version using online commands.properties
[DEBUG] ep-00000003: connection released [route: {s}->https://raw.githubusercontent.com:443][total available: 1; route allocated: 1 of 5; total allocated: 1 of 25]
[DEBUG] Detecting edge version using online commands.properties
[DEBUG] Running command on the shell: [cmd.exe, /C, wmic, datafile, where, name="%PROGRAMFILES(X86):\=\\%\\Microsoft\\Edge\\Application\\msedge.exe", get, Version, /value]
[DEBUG] Running command on the shell: [cmd.exe, /C, wmic, datafile, where, name="%PROGRAMFILES(X86):\=\\%\\Microsoft\\Edge\\Application\\msedge.exe", get, Version, /value]
[DEBUG] Running command on the shell: [cmd.exe, /C, wmic, datafile, where, name="%PROGRAMFILES(X86):\=\\%\\Microsoft\\Edge\\Application\\msedge.exe", get, Version, /value]
[DEBUG] Running command on the shell: [cmd.exe, /C, wmic, datafile, where, name="%PROGRAMFILES(X86):\=\\%\\Microsoft\\Edge\\Application\\msedge.exe", get, Version, /value]
[DEBUG] Result: Version=97.0.1072.62
[DEBUG] Result: Version=97.0.1072.62
[DEBUG] Result: Version=97.0.1072.62
[DEBUG] Result: Version=97.0.1072.62
[DEBUG] Resolution edge97=97.0.1072.62 in cache (valid until 10:24:24 21/01/2022 IST)
[DEBUG] Resolution edge97=97.0.1072.62 in cache (valid until 10:24:24 21/01/2022 IST)
[INFO] Using msedgedriver 97.0.1072.62 (resolved driver for Edge 97)
[DEBUG] Resolution edge97=97.0.1072.62 in cache (valid until 10:24:24 21/01/2022 IST)
[INFO] Using msedgedriver 97.0.1072.62 (resolved driver for Edge 97)
[DEBUG] Resolution edge97=97.0.1072.62 in cache (valid until 10:24:24 21/01/2022 IST)
[INFO] Using msedgedriver 97.0.1072.62 (resolved driver for Edge 97)
[INFO] Using msedgedriver 97.0.1072.62 (resolved driver for Edge 97)
[DEBUG] Storing resolution edge=97 in cache (valid until 13:36:16 20/01/2022 IST)
[DEBUG] Storing resolution edge=97 in cache (valid until 13:36:16 20/01/2022 IST)
[DEBUG] Storing resolution edge=97 in cache (valid until 13:36:16 20/01/2022 IST)
[DEBUG] Storing resolution edge=97 in cache (valid until 13:36:16 20/01/2022 IST)
[DEBUG] Driver msedgedriver 97.0.1072.62 found in cache
[DEBUG] Driver msedgedriver 97.0.1072.62 found in cache
[DEBUG] Driver msedgedriver 97.0.1072.62 found in cache
[DEBUG] Driver msedgedriver 97.0.1072.62 found in cache
[INFO] Exporting webdriver.edge.driver as C:\Users\Surya\.cache\selenium\msedgedriver\win64\97.0.1072.62\msedgedriver.exe
[INFO] Exporting webdriver.edge.driver as C:\Users\Surya\.cache\selenium\msedgedriver\win64\97.0.1072.62\msedgedriver.exe
[INFO] Exporting webdriver.edge.driver as C:\Users\Surya\.cache\selenium\msedgedriver\win64\97.0.1072.62\msedgedriver.exe
[INFO] Exporting webdriver.edge.driver as C:\Users\Surya\.cache\selenium\msedgedriver\win64\97.0.1072.62\msedgedriver.exe
  Given I verify the Current temperature is displayed with values                                                    # parallel.FrontPageSteps.i_verify_the_current_temperature_is_displayed_with_values()
  Given I verify the Current temperature is displayed with values                                                    # parallel.FrontPageSteps.i_verify_the_current_temperature_is_displayed_with_values()
  Given I verify the Current temperature is displayed with values                                                    # parallel.FrontPageSteps.i_verify_the_current_temperature_is_displayed_with_values()
  Given I verify the Current temperature is displayed with values                                                    # parallel.FrontPageSteps.i_verify_the_current_temperature_is_displayed_with_values()
  And I click on the buy button (moisturizers or sunscreens) based on the temperature                                # parallel.FrontPageSteps.i_click_on_the_buy_button_moisturizers_or_sunscreens_based_on_the_temperature()
  And I verify the corresponding product header displayed in the next page                                           # parallel.ProductPageSteps.i_verify_the_corresponding_product_header_displayed_in_the_next_page()
  And I click on the buy button (moisturizers or sunscreens) based on the temperature                                # parallel.FrontPageSteps.i_click_on_the_buy_button_moisturizers_or_sunscreens_based_on_the_temperature()
  And I verify the corresponding product header displayed in the next page                                           # parallel.ProductPageSteps.i_verify_the_corresponding_product_header_displayed_in_the_next_page()
  And I add the least expensive product that contains (aloe & almond) or (spf-30 & spf-50) based on the product page # parallel.ProductPageSteps.i_add_the_least_expensive_product_that_contains_aloe_almond_or_spf_spf_based_on_the_product_page(java.lang.Integer,java.lang.Integer)
  And I click on the buy button (moisturizers or sunscreens) based on the temperature                                # parallel.FrontPageSteps.i_click_on_the_buy_button_moisturizers_or_sunscreens_based_on_the_temperature()
  And I add the least expensive product that contains (aloe & almond) or (spf-30 & spf-50) based on the product page # parallel.ProductPageSteps.i_add_the_least_expensive_product_that_contains_aloe_almond_or_spf_spf_based_on_the_product_page(java.lang.Integer,java.lang.Integer)
  And I verify the corresponding product header displayed in the next page                                           # parallel.ProductPageSteps.i_verify_the_corresponding_product_header_displayed_in_the_next_page()
  And I add the least expensive product that contains (aloe & almond) or (spf-30 & spf-50) based on the product page # parallel.ProductPageSteps.i_add_the_least_expensive_product_that_contains_aloe_almond_or_spf_spf_based_on_the_product_page(java.lang.Integer,java.lang.Integer)
  And I click on the buy button (moisturizers or sunscreens) based on the temperature                                # parallel.FrontPageSteps.i_click_on_the_buy_button_moisturizers_or_sunscreens_based_on_the_temperature()
  And I verify the corresponding product header displayed in the next page                                           # parallel.ProductPageSteps.i_verify_the_corresponding_product_header_displayed_in_the_next_page()
  And I add the least expensive product that contains (aloe & almond) or (spf-30 & spf-50) based on the product page # parallel.ProductPageSteps.i_add_the_least_expensive_product_that_contains_aloe_almond_or_spf_spf_based_on_the_product_page(java.lang.Integer,java.lang.Integer)
  When I click on Cart Items button                                                                                  # parallel.ProductPageSteps.i_click_on_cart_items_button()
  Then I verify the corresponding Checkout header displayed in the next page                                         # parallel.CartPageSteps.i_verify_the_corresponding_checkout_header_displayed_in_the_next_page()
  And I verify the two selected items and their prices are displayed                                                 # parallel.CartPageSteps.i_verify_the_two_selected_items_and_their_prices_are_displayed()
  And I also validate the total price is displayed as expected                                                       # parallel.CartPageSteps.i_also_validate_the_total_price_is_displayed_as_expected()
  When I click on Cart Items button                                                                                  # parallel.ProductPageSteps.i_click_on_cart_items_button()
  Then I verify the corresponding Checkout header displayed in the next page                                         # parallel.CartPageSteps.i_verify_the_corresponding_checkout_header_displayed_in_the_next_page()
  When I click on Pay with Card button                                                                               # parallel.CartPageSteps.i_click_on_pay_with_card_button()
  Then the payment window should be displayed                                                                        # parallel.CartPageSteps.the_payment_window_should_be_displayed()
  And I verify the two selected items and their prices are displayed                                                 # parallel.CartPageSteps.i_verify_the_two_selected_items_and_their_prices_are_displayed()
  And I also validate the total price is displayed as expected                                                       # parallel.CartPageSteps.i_also_validate_the_total_price_is_displayed_as_expected()
  When I click on Pay with Card button                                                                               # parallel.CartPageSteps.i_click_on_pay_with_card_button()
  Then the payment window should be displayed                                                                        # parallel.CartPageSteps.the_payment_window_should_be_displayed()
  When I click on Cart Items button                                                                                  # parallel.ProductPageSteps.i_click_on_cart_items_button()
  Then I verify the corresponding Checkout header displayed in the next page                                         # parallel.CartPageSteps.i_verify_the_corresponding_checkout_header_displayed_in_the_next_page()
  And I verify the two selected items and their prices are displayed                                                 # parallel.CartPageSteps.i_verify_the_two_selected_items_and_their_prices_are_displayed()
  And I also validate the total price is displayed as expected                                                       # parallel.CartPageSteps.i_also_validate_the_total_price_is_displayed_as_expected()
  When I click on Pay with Card button                                                                               # parallel.CartPageSteps.i_click_on_pay_with_card_button()
  Then the payment window should be displayed                                                                        # parallel.CartPageSteps.the_payment_window_should_be_displayed()
  When I click on Cart Items button                                                                                  # parallel.ProductPageSteps.i_click_on_cart_items_button()
  Then I verify the corresponding Checkout header displayed in the next page                                         # parallel.CartPageSteps.i_verify_the_corresponding_checkout_header_displayed_in_the_next_page()
  And I verify the two selected items and their prices are displayed                                                 # parallel.CartPageSteps.i_verify_the_two_selected_items_and_their_prices_are_displayed()
  And I also validate the total price is displayed as expected                                                       # parallel.CartPageSteps.i_also_validate_the_total_price_is_displayed_as_expected()
  When I click on Pay with Card button                                                                               # parallel.CartPageSteps.i_click_on_pay_with_card_button()
  Then the payment window should be displayed                                                                        # parallel.CartPageSteps.the_payment_window_should_be_displayed()
  And I get the test card number from seperate window                                                                # parallel.CartPageSteps.i_get_the_test_card_number_from_seperate_window()
  And I enter the test data in the Email, Card number, Expiry, CVC and Zip code fields                               # parallel.CartPageSteps.i_enter_the_test_data_in_the_email_card_number_expiry_cvc_and_zip_code_fields()
  And I validate the same total price is displayed in the Pay button as well                                         # parallel.CartPageSteps.i_validate_the_same_total_price_is_displayed_in_the_pay_button_as_well()
  And I get the test card number from seperate window                                                                # parallel.CartPageSteps.i_get_the_test_card_number_from_seperate_window()
  And I enter the test data in the Email, Card number, Expiry, CVC and Zip code fields                               # parallel.CartPageSteps.i_enter_the_test_data_in_the_email_card_number_expiry_cvc_and_zip_code_fields()
  And I validate the same total price is displayed in the Pay button as well                                         # parallel.CartPageSteps.i_validate_the_same_total_price_is_displayed_in_the_pay_button_as_well()
  When I click on Pay button                                                                                         # parallel.CartPageSteps.i_click_on_pay_button()
  And I get the test card number from seperate window                                                                # parallel.CartPageSteps.i_get_the_test_card_number_from_seperate_window()
  And I get the test card number from seperate window                                                                # parallel.CartPageSteps.i_get_the_test_card_number_from_seperate_window()
  Then the payment window should be closed automatically after few seconds                                           # parallel.CartPageSteps.the_payment_window_should_be_closed_automatically_after_few_seconds()
  And I enter the test data in the Email, Card number, Expiry, CVC and Zip code fields                               # parallel.CartPageSteps.i_enter_the_test_data_in_the_email_card_number_expiry_cvc_and_zip_code_fields()
  And I validate the same total price is displayed in the Pay button as well                                         # parallel.CartPageSteps.i_validate_the_same_total_price_is_displayed_in_the_pay_button_as_well()
  When I click on Pay button                                                                                         # parallel.CartPageSteps.i_click_on_pay_button()
  Then the payment window should be closed automatically after few seconds                                           # parallel.CartPageSteps.the_payment_window_should_be_closed_automatically_after_few_seconds()
      com.google.common.base.VerifyException: Payment submission failed. Known bug!
	at com.google.common.base.Verify.verify(Verify.java:123)
	at pageObjects.CartPage.validatePaymentWindowClosed(CartPage.java:174)
	at parallel.CartPageSteps.the_payment_window_should_be_closed_automatically_after_few_seconds(CartPageSteps.java:80)
	at âœ½.the payment window should be closed automatically after few seconds(file:///D:/Courses/AutoDemo/DemoMST/src/test/resources/parallel/BuyProductsDuplication3.feature:18)

  And I enter the test data in the Email, Card number, Expiry, CVC and Zip code fields                               # parallel.CartPageSteps.i_enter_the_test_data_in_the_email_card_number_expiry_cvc_and_zip_code_fields()
  And I validate the successful confirmation page with the data from given sheetName "data" and 0                    # parallel.ConfirmationPageSteps.i_validate_the_successful_confirmation_page_with_the_data_from_given_sheet_name_and(java.lang.String,int)
  And I validate the same total price is displayed in the Pay button as well                                         # parallel.CartPageSteps.i_validate_the_same_total_price_is_displayed_in_the_pay_button_as_well()

    Embedding screenshot [image/png 106369 bytes]

  And I validate the successful confirmation page with the data from given sheetName "data" and 0                    # parallel.ConfirmationPageSteps.i_validate_the_successful_confirmation_page_with_the_data_from_given_sheet_name_and(java.lang.String,int)
]]></system-out>
    <system-err><![CDATA[Starting MSEdgeDriver 97.0.1072.62 (c0ec8d7178dacb8102d7ae0d98870bd1ad84e7df) on port 35011
Only local connections are allowed.
Please see https://chromedriver.chromium.org/security-considerations for suggestions on keeping MSEdgeDriver safe.
Starting MSEdgeDriver 97.0.1072.62 (c0ec8d7178dacb8102d7ae0d98870bd1ad84e7df) on port 29332
Only local connections are allowed.
Please see https://chromedriver.chromium.org/security-considerations for suggestions on keeping MSEdgeDriver safe.
Starting MSEdgeDriver 97.0.1072.62 (c0ec8d7178dacb8102d7ae0d98870bd1ad84e7df) on port 5402
Only local connections are allowed.
Please see https://chromedriver.chromium.org/security-considerations for suggestions on keeping MSEdgeDriver safe.
Starting MSEdgeDriver 97.0.1072.62 (c0ec8d7178dacb8102d7ae0d98870bd1ad84e7df) on port 12972
Only local connections are allowed.
Please see https://chromedriver.chromium.org/security-considerations for suggestions on keeping MSEdgeDriver safe.
MSEdgeDriver was started successfully.
MSEdgeDriver was started successfully.
MSEdgeDriver was started successfully.
MSEdgeDriver was started successfully.
Jan 20, 2022 12:36:18 PM org.openqa.selenium.remote.ProtocolHandshake createSession
INFO: Detected dialect: W3C
Jan 20, 2022 12:36:20 PM org.openqa.selenium.remote.ProtocolHandshake createSession
INFO: Detected dialect: W3C
Jan 20, 2022 12:36:21 PM org.openqa.selenium.remote.ProtocolHandshake createSession
INFO: Detected dialect: W3C
Jan 20, 2022 12:36:21 PM org.openqa.selenium.remote.ProtocolHandshake createSession
INFO: Detected dialect: W3C
]]></system-err>
  </testcase>
  <testcase name="runScenario" classname="parallel.TestParallelRunner" time="32.089"/>
  <testcase name="runScenario" classname="parallel.TestParallelRunner" time="33.581">
    <failure message="Payment submission failed. Known bug!" type="com.google.common.base.VerifyException">com.google.common.base.VerifyException: Payment submission failed. Known bug!
</failure>
    <system-out><![CDATA[  When I click on Pay button                                                                                         # parallel.CartPageSteps.i_click_on_pay_button()
  Then the payment window should be closed automatically after few seconds                                           # parallel.CartPageSteps.the_payment_window_should_be_closed_automatically_after_few_seconds()
      com.google.common.base.VerifyException: Payment submission failed. Known bug!
	at com.google.common.base.Verify.verify(Verify.java:123)
	at pageObjects.CartPage.validatePaymentWindowClosed(CartPage.java:174)
	at parallel.CartPageSteps.the_payment_window_should_be_closed_automatically_after_few_seconds(CartPageSteps.java:80)
	at âœ½.the payment window should be closed automatically after few seconds(file:///D:/Courses/AutoDemo/DemoMST/src/test/resources/parallel/BuyProductsDuplication.feature:18)

  And I validate the successful confirmation page with the data from given sheetName "data" and 0                    # parallel.ConfirmationPageSteps.i_validate_the_successful_confirmation_page_with_the_data_from_given_sheet_name_and(java.lang.String,int)

    Embedding screenshot [image/png 109016 bytes]

  When I click on Pay button                                                                                         # parallel.CartPageSteps.i_click_on_pay_button()
]]></system-out>
  </testcase>
  <testcase name="runScenario" classname="parallel.TestParallelRunner" time="35.248"/>
</testsuite>