<?xml version="1.0" encoding="UTF-8"?>
<!-- Generated by org.testng.reporters.JUnitReportReporter -->
<testsuite skipped="0" hostname="Surya" name="parallel.TestParallelRunner" tests="4" failures="0" timestamp="20 Jan 2022 06:55:14 GMT" time="121.077" errors="1">
  <testcase name="runScenario" time="29.799" classname="parallel.TestParallelRunner"/>
  <testcase name="runScenario" time="30.350" classname="parallel.TestParallelRunner">
    <error type="com.google.common.base.VerifyException" message="Payment submission failed. Known bug!">
      <![CDATA[com.google.common.base.VerifyException: Payment submission failed. Known bug!
at com.google.common.base.Verify.verify(Verify.java:123)
at pageObjects.CartPage.validatePaymentWindowClosed(CartPage.java:174)
at parallel.CartPageSteps.the_payment_window_should_be_closed_automatically_after_few_seconds(CartPageSteps.java:80)
at âœ½.the payment window should be closed automatically after few seconds(file:///D:/Courses/Demo/src/test/resources/parallel/BuyProducts.feature:18)
]]>
    </error>
  </testcase> <!-- runScenario -->
  <testcase name="runScenario" time="29.946" classname="parallel.TestParallelRunner"/>
  <testcase name="runScenario" time="30.982" classname="parallel.TestParallelRunner"/>
</testsuite> <!-- parallel.TestParallelRunner -->
