<?xml version="1.0" encoding="UTF-8"?>
<!-- Generated by org.testng.reporters.JUnitReportReporter -->
<testsuite skipped="0" hostname="Surya" name="parallel.TestParallelRunner" tests="4" failures="0" timestamp="15 Jan 2022 12:24:49 GMT" time="133.217" errors="0">
  <testcase name="runScenario" time="33.239" classname="parallel.TestParallelRunner"/>
  <testcase name="runScenario" time="33.153" classname="parallel.TestParallelRunner"/>
  <testcase name="runScenario" time="33.381" classname="parallel.TestParallelRunner"/>
  <testcase name="runScenario" time="33.444" classname="parallel.TestParallelRunner"/>
</testsuite> <!-- parallel.TestParallelRunner -->
