<?xml version="1.0" encoding="UTF-8"?>
<!-- Generated by org.testng.reporters.JUnitReportReporter -->
<testsuite skipped="0" hostname="Surya" name="parallel.TestParallelRunner" tests="4" failures="0" timestamp="20 Jan 2022 07:06:49 GMT" time="132.683" errors="2">
  <testcase name="runScenario" time="31.762" classname="parallel.TestParallelRunner">
    <error type="com.google.common.base.VerifyException" message="Payment submission failed. Known bug!">
      <![CDATA[com.google.common.base.VerifyException: Payment submission failed. Known bug!
at com.google.common.base.Verify.verify(Verify.java:123)
at pageObjects.CartPage.validatePaymentWindowClosed(CartPage.java:174)
at parallel.CartPageSteps.the_payment_window_should_be_closed_automatically_after_few_seconds(CartPageSteps.java:80)
at ✽.the payment window should be closed automatically after few seconds(file:///D:/Courses/AutoDemo/DemoMST/src/test/resources/parallel/BuyProductsDuplication3.feature:18)
]]>
    </error>
  </testcase> <!-- runScenario -->
  <testcase name="runScenario" time="33.582" classname="parallel.TestParallelRunner">
    <error type="com.google.common.base.VerifyException" message="Payment submission failed. Known bug!">
      <![CDATA[com.google.common.base.VerifyException: Payment submission failed. Known bug!
at com.google.common.base.Verify.verify(Verify.java:123)
at pageObjects.CartPage.validatePaymentWindowClosed(CartPage.java:174)
at parallel.CartPageSteps.the_payment_window_should_be_closed_automatically_after_few_seconds(CartPageSteps.java:80)
at ✽.the payment window should be closed automatically after few seconds(file:///D:/Courses/AutoDemo/DemoMST/src/test/resources/parallel/BuyProductsDuplication.feature:18)
]]>
    </error>
  </testcase> <!-- runScenario -->
  <testcase name="runScenario" time="35.249" classname="parallel.TestParallelRunner"/>
  <testcase name="runScenario" time="32.090" classname="parallel.TestParallelRunner"/>
</testsuite> <!-- parallel.TestParallelRunner -->
